<?xml version="1.0" encoding="utf-8"?>
<lfm status="ok">
<neighbours user="emetsger">
<user>
    <name>t00littletim3</name>
    <realname>Mandy</realname>
    <url>http://www.last.fm/user/t00littletim3</url>
    <image size="small">http://userserve-ak.last.fm/serve/34/14959507.png</image>
    <image size="medium">http://userserve-ak.last.fm/serve/64/14959507.png</image>
    <image size="large">http://userserve-ak.last.fm/serve/126/14959507.png</image>
    <image size="extralarge">http://userserve-ak.last.fm/serve/252/14959507.png</image>
    <match>0.0060814199969172</match>
</user>
<user>
    <name>cpmrangerrick</name>
    <realname></realname>
    <url>http://www.last.fm/user/cpmrangerrick</url>
    <image size="small">http://userserve-ak.last.fm/serve/34/969282.jpg</image>
    <image size="medium">http://userserve-ak.last.fm/serve/64/969282.jpg</image>
    <image size="large">http://userserve-ak.last.fm/serve/126/969282.jpg</image>
    <image size="extralarge">http://userserve-ak.last.fm/serve/252/969282.jpg</image>
    <match>0.005666951648891</match>
</user>
<user>
    <name>dissolved__girl</name>
    <realname>Ren</realname>
    <url>http://www.last.fm/user/dissolved__girl</url>
    <image size="small">http://userserve-ak.last.fm/serve/34/34055695.png</image>
    <image size="medium">http://userserve-ak.last.fm/serve/64/34055695.png</image>
    <image size="large">http://userserve-ak.last.fm/serve/126/34055695.png</image>
    <image size="extralarge">http://userserve-ak.last.fm/serve/252/34055695.png</image>
    <match>0.0033719365019351</match>
</user>
<user>
    <name>doitdub</name>
    <realname>Justin Mattingly</realname>
    <url>http://www.last.fm/user/doitdub</url>
    <image size="small">http://userserve-ak.last.fm/serve/34/16401425.jpg</image>
    <image size="medium">http://userserve-ak.last.fm/serve/64/16401425.jpg</image>
    <image size="large">http://userserve-ak.last.fm/serve/126/16401425.jpg</image>
    <image size="extralarge">http://userserve-ak.last.fm/serve/252/16401425.jpg</image>
    <match>0.0024940047878772</match>
</user>
<user>
    <name>CalvRichardson</name>
    <realname>Calvin Richardson</realname>
    <url>http://www.last.fm/user/CalvRichardson</url>
    <image size="small">http://userserve-ak.last.fm/serve/34/1505392.jpg</image>
    <image size="medium">http://userserve-ak.last.fm/serve/64/1505392.jpg</image>
    <image size="large">http://userserve-ak.last.fm/serve/126/1505392.jpg</image>
    <image size="extralarge">http://userserve-ak.last.fm/serve/252/1505392.jpg</image>
    <match>0.009524704888463</match>
</user>
<user>
    <name>unmentioned</name>
    <realname>Matthew</realname>
    <url>http://www.last.fm/user/unmentioned</url>
    <image size="small">http://userserve-ak.last.fm/serve/34/8206451.jpg</image>
    <image size="medium">http://userserve-ak.last.fm/serve/64/8206451.jpg</image>
    <image size="large">http://userserve-ak.last.fm/serve/126/8206451.jpg</image>
    <image size="extralarge">http://userserve-ak.last.fm/serve/252/8206451.jpg</image>
    <match>0.0082564568147063</match>
</user>
<user>
    <name>arletterocks</name>
    <realname></realname>
    <url>http://www.last.fm/user/arletterocks</url>
    <image size="small">http://userserve-ak.last.fm/serve/34/4822177.jpg</image>
    <image size="medium">http://userserve-ak.last.fm/serve/64/4822177.jpg</image>
    <image size="large">http://userserve-ak.last.fm/serve/126/4822177.jpg</image>
    <image size="extralarge">http://userserve-ak.last.fm/serve/252/4822177.jpg</image>
    <match>0.0098749194294214</match>
</user>
<user>
    <name>thaielph</name>
    <realname></realname>
    <url>http://www.last.fm/user/thaielph</url>
    <image size="small">http://userserve-ak.last.fm/serve/34/12557439.jpg</image>
    <image size="medium">http://userserve-ak.last.fm/serve/64/12557439.jpg</image>
    <image size="large">http://userserve-ak.last.fm/serve/126/12557439.jpg</image>
    <image size="extralarge">http://userserve-ak.last.fm/serve/252/12557439.jpg</image>
    <match>0.0088375872001052</match>
</user>
<user>
    <name>sammyowens</name>
    <realname>Samantha Owens</realname>
    <url>http://www.last.fm/user/sammyowens</url>
    <image size="small">http://userserve-ak.last.fm/serve/34/35079243.jpg</image>
    <image size="medium">http://userserve-ak.last.fm/serve/64/35079243.jpg</image>
    <image size="large">http://userserve-ak.last.fm/serve/126/35079243.jpg</image>
    <image size="extralarge">http://userserve-ak.last.fm/serve/252/35079243.jpg</image>
    <match>0.0049866517074406</match>
</user>
<user>
    <name>waderandolph</name>
    <realname></realname>
    <url>http://www.last.fm/user/waderandolph</url>
    <image size="small"></image>
    <image size="medium"></image>
    <image size="large"></image>
    <image size="extralarge"></image>
    <match>0.003740445477888</match>
</user>
<user>
    <name>nicoleb1234</name>
    <realname>Blank</realname>
    <url>http://www.last.fm/user/nicoleb1234</url>
    <image size="small">http://userserve-ak.last.fm/serve/34/2999900.jpg</image>
    <image size="medium">http://userserve-ak.last.fm/serve/64/2999900.jpg</image>
    <image size="large">http://userserve-ak.last.fm/serve/126/2999900.jpg</image>
    <image size="extralarge">http://userserve-ak.last.fm/serve/252/2999900.jpg</image>
    <match>0.017845386639237</match>
</user>
<user>
    <name>nicollahhh</name>
    <realname>Nicolle </realname>
    <url>http://www.last.fm/user/nicollahhh</url>
    <image size="small">http://userserve-ak.last.fm/serve/34/34504015.jpg</image>
    <image size="medium">http://userserve-ak.last.fm/serve/64/34504015.jpg</image>
    <image size="large">http://userserve-ak.last.fm/serve/126/34504015.jpg</image>
    <image size="extralarge">http://userserve-ak.last.fm/serve/252/34504015.jpg</image>
    <match>0.015066228806973</match>
</user>
<user>
    <name>nikki9doors</name>
    <realname>nikki bradley</realname>
    <url>http://www.last.fm/user/nikki9doors</url>
    <image size="small">http://userserve-ak.last.fm/serve/34/39017671.jpg</image>
    <image size="medium">http://userserve-ak.last.fm/serve/64/39017671.jpg</image>
    <image size="large">http://userserve-ak.last.fm/serve/126/39017671.jpg</image>
    <image size="extralarge">http://userserve-ak.last.fm/serve/252/39017671.jpg</image>
    <match>0.014930670149624</match>
</user>
<user>
    <name>bpnielson3</name>
    <realname></realname>
    <url>http://www.last.fm/user/bpnielson3</url>
    <image size="small">http://userserve-ak.last.fm/serve/34/21126575.gif</image>
    <image size="medium">http://userserve-ak.last.fm/serve/64/21126575.gif</image>
    <image size="large">http://userserve-ak.last.fm/serve/126/21126575.gif</image>
    <image size="extralarge">http://userserve-ak.last.fm/serve/252/21126575.gif</image>
    <match>0.012262444011867</match>
</user>
<user>
    <name>mirkeos</name>
    <realname></realname>
    <url>http://www.last.fm/user/mirkeos</url>
    <image size="small">http://userserve-ak.last.fm/serve/34/30008459.jpg</image>
    <image size="medium">http://userserve-ak.last.fm/serve/64/30008459.jpg</image>
    <image size="large">http://userserve-ak.last.fm/serve/126/30008459.jpg</image>
    <image size="extralarge">http://userserve-ak.last.fm/serve/252/30008459.jpg</image>
    <match>0.012155923061073</match>
</user>
<user>
    <name>MaxwellSZD</name>
    <realname></realname>
    <url>http://www.last.fm/user/MaxwellSZD</url>
    <image size="small"></image>
    <image size="medium"></image>
    <image size="large"></image>
    <image size="extralarge"></image>
    <match>0.0098630832508206</match>
</user>
<user>
    <name>laurajd</name>
    <realname>Laura</realname>
    <url>http://www.last.fm/user/laurajd</url>
    <image size="small">http://userserve-ak.last.fm/serve/34/23031779.jpg</image>
    <image size="medium">http://userserve-ak.last.fm/serve/64/23031779.jpg</image>
    <image size="large">http://userserve-ak.last.fm/serve/126/23031779.jpg</image>
    <image size="extralarge">http://userserve-ak.last.fm/serve/252/23031779.jpg</image>
    <match>0.0096892388537526</match>
</user>
<user>
    <name>triggerman7</name>
    <realname>Tim Maytom</realname>
    <url>http://www.last.fm/user/triggerman7</url>
    <image size="small">http://userserve-ak.last.fm/serve/34/1059188.jpg</image>
    <image size="medium">http://userserve-ak.last.fm/serve/64/1059188.jpg</image>
    <image size="large">http://userserve-ak.last.fm/serve/126/1059188.jpg</image>
    <image size="extralarge">http://userserve-ak.last.fm/serve/252/1059188.jpg</image>
    <match>0.0092350365594029</match>
</user>
<user>
    <name>morgant15</name>
    <realname></realname>
    <url>http://www.last.fm/user/morgant15</url>
    <image size="small">http://userserve-ak.last.fm/serve/34/30128843.jpg</image>
    <image size="medium">http://userserve-ak.last.fm/serve/64/30128843.jpg</image>
    <image size="large">http://userserve-ak.last.fm/serve/126/30128843.jpg</image>
    <image size="extralarge">http://userserve-ak.last.fm/serve/252/30128843.jpg</image>
    <match>0.0085165780037642</match>
</user>
<user>
    <name>jacobom</name>
    <realname>Jacob Oehler Morrison</realname>
    <url>http://www.last.fm/user/jacobom</url>
    <image size="small">http://userserve-ak.last.fm/serve/34/36883861.jpg</image>
    <image size="medium">http://userserve-ak.last.fm/serve/64/36883861.jpg</image>
    <image size="large">http://userserve-ak.last.fm/serve/126/36883861.jpg</image>
    <image size="extralarge">http://userserve-ak.last.fm/serve/252/36883861.jpg</image>
    <match>0.0083772959187627</match>
</user>
<user>
    <name>misogreedy</name>
    <realname></realname>
    <url>http://www.last.fm/user/misogreedy</url>
    <image size="small"></image>
    <image size="medium"></image>
    <image size="large"></image>
    <image size="extralarge"></image>
    <match>0.0078301690518856</match>
</user>
<user>
    <name>melcontant</name>
    <realname>Mel</realname>
    <url>http://www.last.fm/user/melcontant</url>
    <image size="small">http://userserve-ak.last.fm/serve/34/37242295.jpg</image>
    <image size="medium">http://userserve-ak.last.fm/serve/64/37242295.jpg</image>
    <image size="large">http://userserve-ak.last.fm/serve/126/37242295.jpg</image>
    <image size="extralarge">http://userserve-ak.last.fm/serve/252/37242295.jpg</image>
    <match>0.0073787430301309</match>
</user>
<user>
    <name>jwaap</name>
    <realname>JW</realname>
    <url>http://www.last.fm/user/jwaap</url>
    <image size="small">http://userserve-ak.last.fm/serve/34/35725891.jpg</image>
    <image size="medium">http://userserve-ak.last.fm/serve/64/35725891.jpg</image>
    <image size="large">http://userserve-ak.last.fm/serve/126/35725891.jpg</image>
    <image size="extralarge">http://userserve-ak.last.fm/serve/252/35725891.jpg</image>
    <match>0.007271044421941</match>
</user>
<user>
    <name>chibiradio</name>
    <realname></realname>
    <url>http://www.last.fm/user/chibiradio</url>
    <image size="small"></image>
    <image size="medium"></image>
    <image size="large"></image>
    <image size="extralarge"></image>
    <match>0.0071038575842977</match>
</user>
<user>
    <name>Holls82</name>
    <realname>Holli</realname>
    <url>http://www.last.fm/user/Holls82</url>
    <image size="small">http://userserve-ak.last.fm/serve/34/39078867.jpg</image>
    <image size="medium">http://userserve-ak.last.fm/serve/64/39078867.jpg</image>
    <image size="large">http://userserve-ak.last.fm/serve/126/39078867.jpg</image>
    <image size="extralarge">http://userserve-ak.last.fm/serve/252/39078867.jpg</image>
    <match>0.0068519120104611</match>
</user>
<user>
    <name>reelbigcolin</name>
    <realname></realname>
    <url>http://www.last.fm/user/reelbigcolin</url>
    <image size="small">http://userserve-ak.last.fm/serve/34/7570623.jpg</image>
    <image size="medium">http://userserve-ak.last.fm/serve/64/7570623.jpg</image>
    <image size="large">http://userserve-ak.last.fm/serve/126/7570623.jpg</image>
    <image size="extralarge">http://userserve-ak.last.fm/serve/252/7570623.jpg</image>
    <match>0.0068443417549133</match>
</user>
<user>
    <name>coltempo</name>
    <realname></realname>
    <url>http://www.last.fm/user/coltempo</url>
    <image size="small"></image>
    <image size="medium"></image>
    <image size="large"></image>
    <image size="extralarge"></image>
    <match>0.0068371249362826</match>
</user>
<user>
    <name>p1moocrack</name>
    <realname></realname>
    <url>http://www.last.fm/user/p1moocrack</url>
    <image size="small"></image>
    <image size="medium"></image>
    <image size="large"></image>
    <image size="extralarge"></image>
    <match>0.006809257902205</match>
</user>
<user>
    <name>sepia_days</name>
    <realname></realname>
    <url>http://www.last.fm/user/sepia_days</url>
    <image size="small">http://userserve-ak.last.fm/serve/34/1373289.jpg</image>
    <image size="medium">http://userserve-ak.last.fm/serve/64/1373289.jpg</image>
    <image size="large">http://userserve-ak.last.fm/serve/126/1373289.jpg</image>
    <image size="extralarge">http://userserve-ak.last.fm/serve/252/1373289.jpg</image>
    <match>0.006715786177665</match>
</user>
<user>
    <name>Al3xisB</name>
    <realname>Alexis Blandin</realname>
    <url>http://www.last.fm/user/Al3xisB</url>
    <image size="small">http://userserve-ak.last.fm/serve/34/30712807.jpg</image>
    <image size="medium">http://userserve-ak.last.fm/serve/64/30712807.jpg</image>
    <image size="large">http://userserve-ak.last.fm/serve/126/30712807.jpg</image>
    <image size="extralarge">http://userserve-ak.last.fm/serve/252/30712807.jpg</image>
    <match>0.0066220327280462</match>
</user>
<user>
    <name>Kelskeeze</name>
    <realname>Kelsey Leger</realname>
    <url>http://www.last.fm/user/Kelskeeze</url>
    <image size="small">http://userserve-ak.last.fm/serve/34/30717149.jpg</image>
    <image size="medium">http://userserve-ak.last.fm/serve/64/30717149.jpg</image>
    <image size="large">http://userserve-ak.last.fm/serve/126/30717149.jpg</image>
    <image size="extralarge">http://userserve-ak.last.fm/serve/252/30717149.jpg</image>
    <match>0.0065414793789387</match>
</user>
<user>
    <name>leighton_h</name>
    <realname></realname>
    <url>http://www.last.fm/user/leighton_h</url>
    <image size="small">http://userserve-ak.last.fm/serve/34/36518157.jpg</image>
    <image size="medium">http://userserve-ak.last.fm/serve/64/36518157.jpg</image>
    <image size="large">http://userserve-ak.last.fm/serve/126/36518157.jpg</image>
    <image size="extralarge">http://userserve-ak.last.fm/serve/252/36518157.jpg</image>
    <match>0.0064060147851706</match>
</user>
<user>
    <name>ddormer</name>
    <realname>Dan Dormer</realname>
    <url>http://www.last.fm/user/ddormer</url>
    <image size="small">http://userserve-ak.last.fm/serve/34/30728403.png</image>
    <image size="medium">http://userserve-ak.last.fm/serve/64/30728403.png</image>
    <image size="large">http://userserve-ak.last.fm/serve/126/30728403.png</image>
    <image size="extralarge">http://userserve-ak.last.fm/serve/252/30728403.png</image>
    <match>0.006376517470926</match>
</user>
<user>
    <name>ELLENMOOREOBV</name>
    <realname>Ellen Moore</realname>
    <url>http://www.last.fm/user/ELLENMOOREOBV</url>
    <image size="small">http://userserve-ak.last.fm/serve/34/39019045.jpg</image>
    <image size="medium">http://userserve-ak.last.fm/serve/64/39019045.jpg</image>
    <image size="large">http://userserve-ak.last.fm/serve/126/39019045.jpg</image>
    <image size="extralarge">http://userserve-ak.last.fm/serve/252/39019045.jpg</image>
    <match>0.0062939669005573</match>
</user>
<user>
    <name>FatherMcKenzie</name>
    <realname>Peter</realname>
    <url>http://www.last.fm/user/FatherMcKenzie</url>
    <image size="small">http://userserve-ak.last.fm/serve/34/1094525.jpg</image>
    <image size="medium">http://userserve-ak.last.fm/serve/64/1094525.jpg</image>
    <image size="large">http://userserve-ak.last.fm/serve/126/1094525.jpg</image>
    <image size="extralarge">http://userserve-ak.last.fm/serve/252/1094525.jpg</image>
    <match>0.0062661208212376</match>
</user>
<user>
    <name>jimmyboy5555</name>
    <realname>Jimmy</realname>
    <url>http://www.last.fm/user/jimmyboy5555</url>
    <image size="small">http://userserve-ak.last.fm/serve/34/21285299.jpg</image>
    <image size="medium">http://userserve-ak.last.fm/serve/64/21285299.jpg</image>
    <image size="large">http://userserve-ak.last.fm/serve/126/21285299.jpg</image>
    <image size="extralarge">http://userserve-ak.last.fm/serve/252/21285299.jpg</image>
    <match>0.0062546036206186</match>
</user>
<user>
    <name>jesska079</name>
    <realname>Jessica</realname>
    <url>http://www.last.fm/user/jesska079</url>
    <image size="small">http://userserve-ak.last.fm/serve/34/2150171.jpg</image>
    <image size="medium">http://userserve-ak.last.fm/serve/64/2150171.jpg</image>
    <image size="large">http://userserve-ak.last.fm/serve/126/2150171.jpg</image>
    <image size="extralarge">http://userserve-ak.last.fm/serve/252/2150171.jpg</image>
    <match>0.0062077860347927</match>
</user>
<user>
    <name>cobaline</name>
    <realname>Caroline Sellke</realname>
    <url>http://www.last.fm/user/cobaline</url>
    <image size="small">http://userserve-ak.last.fm/serve/34/2043878.jpg</image>
    <image size="medium">http://userserve-ak.last.fm/serve/64/2043878.jpg</image>
    <image size="large">http://userserve-ak.last.fm/serve/126/2043878.jpg</image>
    <image size="extralarge">http://userserve-ak.last.fm/serve/252/2043878.jpg</image>
    <match>0.0061715873889625</match>
</user>
<user>
    <name>xxmusicalmindxx</name>
    <realname></realname>
    <url>http://www.last.fm/user/xxmusicalmindxx</url>
    <image size="small">http://userserve-ak.last.fm/serve/34/37122531.jpg</image>
    <image size="medium">http://userserve-ak.last.fm/serve/64/37122531.jpg</image>
    <image size="large">http://userserve-ak.last.fm/serve/126/37122531.jpg</image>
    <image size="extralarge">http://userserve-ak.last.fm/serve/252/37122531.jpg</image>
    <match>0.0060903904959559</match>
</user>
<user>
    <name>sinvisible</name>
    <realname></realname>
    <url>http://www.last.fm/user/sinvisible</url>
    <image size="small">http://userserve-ak.last.fm/serve/34/33912221.jpg</image>
    <image size="medium">http://userserve-ak.last.fm/serve/64/33912221.jpg</image>
    <image size="large">http://userserve-ak.last.fm/serve/126/33912221.jpg</image>
    <image size="extralarge">http://userserve-ak.last.fm/serve/252/33912221.jpg</image>
    <match>0.0059905471280217</match>
</user>
<user>
    <name>JessicaPatrice</name>
    <realname>Jessica Williamsen</realname>
    <url>http://www.last.fm/user/JessicaPatrice</url>
    <image size="small">http://userserve-ak.last.fm/serve/34/38165269.jpg</image>
    <image size="medium">http://userserve-ak.last.fm/serve/64/38165269.jpg</image>
    <image size="large">http://userserve-ak.last.fm/serve/126/38165269.jpg</image>
    <image size="extralarge">http://userserve-ak.last.fm/serve/252/38165269.jpg</image>
    <match>0.0058610122650862</match>
</user>
<user>
    <name>IamAWLsome</name>
    <realname></realname>
    <url>http://www.last.fm/user/IamAWLsome</url>
    <image size="small">http://userserve-ak.last.fm/serve/34/38314239.jpg</image>
    <image size="medium">http://userserve-ak.last.fm/serve/64/38314239.jpg</image>
    <image size="large">http://userserve-ak.last.fm/serve/126/38314239.jpg</image>
    <image size="extralarge">http://userserve-ak.last.fm/serve/252/38314239.jpg</image>
    <match>0.0058097383007407</match>
</user>
<user>
    <name>Madison-Claire</name>
    <realname>MC</realname>
    <url>http://www.last.fm/user/Madison-Claire</url>
    <image size="small">http://userserve-ak.last.fm/serve/34/24157613.png</image>
    <image size="medium">http://userserve-ak.last.fm/serve/64/24157613.png</image>
    <image size="large">http://userserve-ak.last.fm/serve/126/24157613.png</image>
    <image size="extralarge">http://userserve-ak.last.fm/serve/252/24157613.png</image>
    <match>0.0057744663208723</match>
</user>
<user>
    <name>pavianfaber</name>
    <realname></realname>
    <url>http://www.last.fm/user/pavianfaber</url>
    <image size="small">http://userserve-ak.last.fm/serve/34/4533407.jpg</image>
    <image size="medium">http://userserve-ak.last.fm/serve/64/4533407.jpg</image>
    <image size="large">http://userserve-ak.last.fm/serve/126/4533407.jpg</image>
    <image size="extralarge">http://userserve-ak.last.fm/serve/252/4533407.jpg</image>
    <match>0.005769447889179</match>
</user>
<user>
    <name>pkasemir</name>
    <realname></realname>
    <url>http://www.last.fm/user/pkasemir</url>
    <image size="small"></image>
    <image size="medium"></image>
    <image size="large"></image>
    <image size="extralarge"></image>
    <match>0.0057689324021339</match>
</user>
<user>
    <name>superficial</name>
    <realname>Rana</realname>
    <url>http://www.last.fm/user/superficial</url>
    <image size="small">http://userserve-ak.last.fm/serve/34/29205521.jpg</image>
    <image size="medium">http://userserve-ak.last.fm/serve/64/29205521.jpg</image>
    <image size="large">http://userserve-ak.last.fm/serve/126/29205521.jpg</image>
    <image size="extralarge">http://userserve-ak.last.fm/serve/252/29205521.jpg</image>
    <match>0.0056536658667028</match>
</user>
<user>
    <name>linkin456</name>
    <realname>*B*A*M*F*</realname>
    <url>http://www.last.fm/user/linkin456</url>
    <image size="small">http://userserve-ak.last.fm/serve/34/882189.jpg</image>
    <image size="medium">http://userserve-ak.last.fm/serve/64/882189.jpg</image>
    <image size="large">http://userserve-ak.last.fm/serve/126/882189.jpg</image>
    <image size="extralarge">http://userserve-ak.last.fm/serve/252/882189.jpg</image>
    <match>0.0056247892789543</match>
</user>
<user>
    <name>Perception</name>
    <realname></realname>
    <url>http://www.last.fm/user/Perception</url>
    <image size="small">http://userserve-ak.last.fm/serve/34/2438595.jpg</image>
    <image size="medium">http://userserve-ak.last.fm/serve/64/2438595.jpg</image>
    <image size="large">http://userserve-ak.last.fm/serve/126/2438595.jpg</image>
    <image size="extralarge">http://userserve-ak.last.fm/serve/252/2438595.jpg</image>
    <match>0.0056214975193143</match>
</user>
<user>
    <name>Zero_Boy</name>
    <realname>James</realname>
    <url>http://www.last.fm/user/Zero_Boy</url>
    <image size="small">http://userserve-ak.last.fm/serve/34/1337046.gif</image>
    <image size="medium">http://userserve-ak.last.fm/serve/64/1337046.gif</image>
    <image size="large">http://userserve-ak.last.fm/serve/126/1337046.gif</image>
    <image size="extralarge">http://userserve-ak.last.fm/serve/252/1337046.gif</image>
    <match>0.0055764969438314</match>
</user>
<user>
    <name>helpmefall</name>
    <realname>Sasha</realname>
    <url>http://www.last.fm/user/helpmefall</url>
    <image size="small">http://userserve-ak.last.fm/serve/34/36503547.jpg</image>
    <image size="medium">http://userserve-ak.last.fm/serve/64/36503547.jpg</image>
    <image size="large">http://userserve-ak.last.fm/serve/126/36503547.jpg</image>
    <image size="extralarge">http://userserve-ak.last.fm/serve/252/36503547.jpg</image>
    <match>0.0055307201109827</match>
</user>
<user>
    <name>lesslikemath</name>
    <realname>Jerrika</realname>
    <url>http://www.last.fm/user/lesslikemath</url>
    <image size="small">http://userserve-ak.last.fm/serve/34/35763687.jpg</image>
    <image size="medium">http://userserve-ak.last.fm/serve/64/35763687.jpg</image>
    <image size="large">http://userserve-ak.last.fm/serve/126/35763687.jpg</image>
    <image size="extralarge">http://userserve-ak.last.fm/serve/252/35763687.jpg</image>
    <match>0.0055128871463239</match>
</user>
<user>
    <name>giiiggs</name>
    <realname>Margarida</realname>
    <url>http://www.last.fm/user/giiiggs</url>
    <image size="small">http://userserve-ak.last.fm/serve/34/26850073.gif</image>
    <image size="medium">http://userserve-ak.last.fm/serve/64/26850073.gif</image>
    <image size="large">http://userserve-ak.last.fm/serve/126/26850073.gif</image>
    <image size="extralarge">http://userserve-ak.last.fm/serve/252/26850073.gif</image>
    <match>0.0054445625282824</match>
</user>
<user>
    <name>Natalieghost</name>
    <realname></realname>
    <url>http://www.last.fm/user/Natalieghost</url>
    <image size="small">http://userserve-ak.last.fm/serve/34/38411821.jpg</image>
    <image size="medium">http://userserve-ak.last.fm/serve/64/38411821.jpg</image>
    <image size="large">http://userserve-ak.last.fm/serve/126/38411821.jpg</image>
    <image size="extralarge">http://userserve-ak.last.fm/serve/252/38411821.jpg</image>
    <match>0.0053867911919951</match>
</user>
<user>
    <name>riboflavin</name>
    <realname>Ann Marie</realname>
    <url>http://www.last.fm/user/riboflavin</url>
    <image size="small">http://userserve-ak.last.fm/serve/34/1208724.jpg</image>
    <image size="medium">http://userserve-ak.last.fm/serve/64/1208724.jpg</image>
    <image size="large">http://userserve-ak.last.fm/serve/126/1208724.jpg</image>
    <image size="extralarge">http://userserve-ak.last.fm/serve/252/1208724.jpg</image>
    <match>0.0053514088504016</match>
</user>
<user>
    <name>psylent</name>
    <realname>Paul</realname>
    <url>http://www.last.fm/user/psylent</url>
    <image size="small">http://userserve-ak.last.fm/serve/34/35836235.jpg</image>
    <image size="medium">http://userserve-ak.last.fm/serve/64/35836235.jpg</image>
    <image size="large">http://userserve-ak.last.fm/serve/126/35836235.jpg</image>
    <image size="extralarge">http://userserve-ak.last.fm/serve/252/35836235.jpg</image>
    <match>0.0052661262452602</match>
</user>
<user>
    <name>world_of_noise</name>
    <realname>Aaron</realname>
    <url>http://www.last.fm/user/world_of_noise</url>
    <image size="small">http://userserve-ak.last.fm/serve/34/38956057.png</image>
    <image size="medium">http://userserve-ak.last.fm/serve/64/38956057.png</image>
    <image size="large">http://userserve-ak.last.fm/serve/126/38956057.png</image>
    <image size="extralarge">http://userserve-ak.last.fm/serve/252/38956057.png</image>
    <match>0.0052538416348398</match>
</user>
<user>
    <name>benjaminpyoung</name>
    <realname>Benjamin Young</realname>
    <url>http://www.last.fm/user/benjaminpyoung</url>
    <image size="small">http://userserve-ak.last.fm/serve/34/23618899.jpg</image>
    <image size="medium">http://userserve-ak.last.fm/serve/64/23618899.jpg</image>
    <image size="large">http://userserve-ak.last.fm/serve/126/23618899.jpg</image>
    <image size="extralarge">http://userserve-ak.last.fm/serve/252/23618899.jpg</image>
    <match>0.0052360608242452</match>
</user>
<user>
    <name>dcfc33</name>
    <realname>Jenn </realname>
    <url>http://www.last.fm/user/dcfc33</url>
    <image size="small">http://userserve-ak.last.fm/serve/34/36704263.jpg</image>
    <image size="medium">http://userserve-ak.last.fm/serve/64/36704263.jpg</image>
    <image size="large">http://userserve-ak.last.fm/serve/126/36704263.jpg</image>
    <image size="extralarge">http://userserve-ak.last.fm/serve/252/36704263.jpg</image>
    <match>0.0052148075774312</match>
</user>
<user>
    <name>jel_inc</name>
    <realname></realname>
    <url>http://www.last.fm/user/jel_inc</url>
    <image size="small"></image>
    <image size="medium"></image>
    <image size="large"></image>
    <image size="extralarge"></image>
    <match>0.005140617955476</match>
</user>
<user>
    <name>Allie143</name>
    <realname>Allie Durec</realname>
    <url>http://www.last.fm/user/Allie143</url>
    <image size="small">http://userserve-ak.last.fm/serve/34/1703301.jpg</image>
    <image size="medium">http://userserve-ak.last.fm/serve/64/1703301.jpg</image>
    <image size="large">http://userserve-ak.last.fm/serve/126/1703301.jpg</image>
    <image size="extralarge">http://userserve-ak.last.fm/serve/252/1703301.jpg</image>
    <match>0.0050776116549969</match>
</user>
</neighbours></lfm>
