<?xml version="1.0" encoding="utf-8"?>
<lfm status="ok">
    <topartists user="emetsger" type="overall">

        <artist rank="1">
            <name>Metric</name>
            <playcount>1319</playcount>
            <mbid>4449ccf6-c948-4d33-aa97-b6ad98ce4b5b</mbid>
            <url>http://www.last.fm/music/Metric</url>
            <streamable>1</streamable>
            <image size="small">http://userserve-ak.last.fm/serve/34/27291319.jpg</image>
            <image size="medium">http://userserve-ak.last.fm/serve/64/27291319.jpg</image>
            <image size="large">http://userserve-ak.last.fm/serve/126/27291319.jpg</image>
            <image size="extralarge">http://userserve-ak.last.fm/serve/252/27291319.jpg</image>
            <image size="mega"
                >http://userserve-ak.last.fm/serve/500/27291319/Metric+6185048jpg.jpg</image>
        </artist>

        <artist rank="2">
            <name>Band of Horses</name>
            <playcount>1216</playcount>
            <mbid>07b6020a-c539-4d68-aeef-f159f3befc76</mbid>
            <url>http://www.last.fm/music/Band+of+Horses</url>
            <streamable>1</streamable>
            <image size="small">http://userserve-ak.last.fm/serve/34/299960.jpg</image>
            <image size="medium">http://userserve-ak.last.fm/serve/64/299960.jpg</image>
            <image size="large">http://userserve-ak.last.fm/serve/126/299960.jpg</image>
            <image size="extralarge">http://userserve-ak.last.fm/serve/252/299960.jpg</image>
            <image size="mega">http://userserve-ak.last.fm/serve/_/299960/Band+of+Horses.jpg</image>
        </artist>

        <artist rank="3">
            <name>Ra Ra Riot</name>
            <playcount>1004</playcount>
            <mbid/>
            <url>http://www.last.fm/music/Ra+Ra+Riot</url>
            <streamable>1</streamable>
            <image size="small">http://userserve-ak.last.fm/serve/34/13640753.jpg</image>
            <image size="medium">http://userserve-ak.last.fm/serve/64/13640753.jpg</image>
            <image size="large">http://userserve-ak.last.fm/serve/126/13640753.jpg</image>
            <image size="extralarge">http://userserve-ak.last.fm/serve/252/13640753.jpg</image>
            <image size="mega"
                >http://userserve-ak.last.fm/serve/500/13640753/Ra+Ra+Riot+rrr.jpg</image>
        </artist>

        <artist rank="4">
            <name>John Powell</name>
            <playcount>995</playcount>
            <mbid>52bb713d-b0c9-4bf6-9f58-392388d5cc11</mbid>
            <url>http://www.last.fm/music/John+Powell</url>
            <streamable>1</streamable>
            <image size="small">http://userserve-ak.last.fm/serve/34/10571025.jpg</image>
            <image size="medium">http://userserve-ak.last.fm/serve/64/10571025.jpg</image>
            <image size="large">http://userserve-ak.last.fm/serve/126/10571025.jpg</image>
            <image size="extralarge">http://userserve-ak.last.fm/serve/252/10571025.jpg</image>
            <image size="mega"
                >http://userserve-ak.last.fm/serve/_/10571025/John+Powell+artpowell.jpg</image>
        </artist>

        <artist rank="5">
            <name>U2</name>
            <playcount>875</playcount>
            <mbid>a3cb23fc-acd3-4ce0-8f36-1e5aa6a18432</mbid>
            <url>http://www.last.fm/music/U2</url>
            <streamable>1</streamable>
            <image size="small">http://userserve-ak.last.fm/serve/34/225353.jpg</image>
            <image size="medium">http://userserve-ak.last.fm/serve/64/225353.jpg</image>
            <image size="large">http://userserve-ak.last.fm/serve/126/225353.jpg</image>
            <image size="extralarge">http://userserve-ak.last.fm/serve/252/225353.jpg</image>
            <image size="mega">http://userserve-ak.last.fm/serve/_/225353/U2.jpg</image>
        </artist>

        <artist rank="6">
            <name>Passion Pit</name>
            <playcount>817</playcount>
            <mbid/>
            <url>http://www.last.fm/music/Passion+Pit</url>
            <streamable>1</streamable>
            <image size="small">http://userserve-ak.last.fm/serve/34/21014505.png</image>
            <image size="medium">http://userserve-ak.last.fm/serve/64/21014505.png</image>
            <image size="large">http://userserve-ak.last.fm/serve/126/21014505.png</image>
            <image size="extralarge">http://userserve-ak.last.fm/serve/252/21014505.png</image>
            <image size="mega"
                >http://userserve-ak.last.fm/serve/_/21014505/Passion+Pit+passion+kiss.png</image>
        </artist>

        <artist rank="7">
            <name>The Bouncing Souls</name>
            <playcount>804</playcount>
            <mbid>429d5f26-329c-41cc-bdff-17c29dbf1fb8</mbid>
            <url>http://www.last.fm/music/The+Bouncing+Souls</url>
            <streamable>1</streamable>
            <image size="small">http://userserve-ak.last.fm/serve/34/2148184.jpg</image>
            <image size="medium">http://userserve-ak.last.fm/serve/64/2148184.jpg</image>
            <image size="large">http://userserve-ak.last.fm/serve/126/2148184.jpg</image>
            <image size="extralarge">http://userserve-ak.last.fm/serve/252/2148184.jpg</image>
            <image size="mega"
                >http://userserve-ak.last.fm/serve/500/2148184/The+Bouncing+Souls.jpg</image>
        </artist>

        <artist rank="8">
            <name>Massive Attack</name>
            <playcount>760</playcount>
            <mbid>10adbe5e-a2c0-4bf3-8249-2b4cbf6e6ca8</mbid>
            <url>http://www.last.fm/music/Massive+Attack</url>
            <streamable>1</streamable>
            <image size="small">http://userserve-ak.last.fm/serve/34/11273493.jpg</image>
            <image size="medium">http://userserve-ak.last.fm/serve/64/11273493.jpg</image>
            <image size="large">http://userserve-ak.last.fm/serve/126/11273493.jpg</image>
            <image size="extralarge">http://userserve-ak.last.fm/serve/252/11273493.jpg</image>
            <image size="mega"
                >http://userserve-ak.last.fm/serve/500/11273493/Massive+Attack.jpg</image>
        </artist>

        <artist rank="9">
            <name>Def Leppard</name>
            <playcount>699</playcount>
            <mbid>7249b899-8db8-43e7-9e6e-22f1e736024e</mbid>
            <url>http://www.last.fm/music/Def+Leppard</url>
            <streamable>1</streamable>
            <image size="small">http://userserve-ak.last.fm/serve/34/4889361.jpg</image>
            <image size="medium">http://userserve-ak.last.fm/serve/64/4889361.jpg</image>
            <image size="large">http://userserve-ak.last.fm/serve/126/4889361.jpg</image>
            <image size="extralarge">http://userserve-ak.last.fm/serve/252/4889361.jpg</image>
            <image size="mega"
                >http://userserve-ak.last.fm/serve/500/4889361/Def+Leppard+dlmain.jpg</image>
        </artist>

        <artist rank="10">
            <name>Shiny Toy Guns</name>
            <playcount>667</playcount>
            <mbid>ad61e25e-5516-41e1-b60d-744e8220986e</mbid>
            <url>http://www.last.fm/music/Shiny+Toy+Guns</url>
            <streamable>1</streamable>
            <image size="small">http://userserve-ak.last.fm/serve/34/19188461.jpg</image>
            <image size="medium">http://userserve-ak.last.fm/serve/64/19188461.jpg</image>
            <image size="large">http://userserve-ak.last.fm/serve/126/19188461.jpg</image>
            <image size="extralarge">http://userserve-ak.last.fm/serve/252/19188461.jpg</image>
            <image size="mega"
                >http://userserve-ak.last.fm/serve/500/19188461/Shiny+Toy+Guns+STGPress2.jpg</image>
        </artist>

        <artist rank="11">
            <name>Beastie Boys</name>
            <playcount>664</playcount>
            <mbid>9beb62b2-88db-4cea-801e-162cd344ee53</mbid>
            <url>http://www.last.fm/music/Beastie+Boys</url>
            <streamable>1</streamable>
            <image size="small">http://userserve-ak.last.fm/serve/34/124838.jpg</image>
            <image size="medium">http://userserve-ak.last.fm/serve/64/124838.jpg</image>
            <image size="large">http://userserve-ak.last.fm/serve/126/124838.jpg</image>
            <image size="extralarge">http://userserve-ak.last.fm/serve/252/124838.jpg</image>
            <image size="mega">http://userserve-ak.last.fm/serve/_/124838/Beastie+Boys.jpg</image>
        </artist>

        <artist rank="12">
            <name>Neko Case</name>
            <playcount>631</playcount>
            <mbid>e13d2935-8c42-4c0a-96d7-654062acf106</mbid>
            <url>http://www.last.fm/music/Neko+Case</url>
            <streamable>1</streamable>
            <image size="small">http://userserve-ak.last.fm/serve/34/24892643.png</image>
            <image size="medium">http://userserve-ak.last.fm/serve/64/24892643.png</image>
            <image size="large">http://userserve-ak.last.fm/serve/126/24892643.png</image>
            <image size="extralarge">http://userserve-ak.last.fm/serve/252/24892643.png</image>
            <image size="mega"
                >http://userserve-ak.last.fm/serve/_/24892643/Neko+Case++rock+the+vote.png</image>
        </artist>

        <artist rank="13">
            <name>Stars</name>
            <playcount>600</playcount>
            <mbid>5aeb21a3-4606-4a0d-8369-50c768d1e99a</mbid>
            <url>http://www.last.fm/music/Stars</url>
            <streamable>1</streamable>
            <image size="small">http://userserve-ak.last.fm/serve/34/122831.jpg</image>
            <image size="medium">http://userserve-ak.last.fm/serve/64/122831.jpg</image>
            <image size="large">http://userserve-ak.last.fm/serve/126/122831.jpg</image>
            <image size="extralarge">http://userserve-ak.last.fm/serve/252/122831.jpg</image>
            <image size="mega">http://userserve-ak.last.fm/serve/_/122831/Stars.jpg</image>
        </artist>

        <artist rank="14">
            <name>The Low Anthem</name>
            <playcount>569</playcount>
            <mbid>9597a87d-73aa-47f9-a62c-3fc9a74ad386</mbid>
            <url>http://www.last.fm/music/The+Low+Anthem</url>
            <streamable>1</streamable>
            <image size="small">http://userserve-ak.last.fm/serve/34/8745049.jpg</image>
            <image size="medium">http://userserve-ak.last.fm/serve/64/8745049.jpg</image>
            <image size="large">http://userserve-ak.last.fm/serve/126/8745049.jpg</image>
            <image size="extralarge">http://userserve-ak.last.fm/serve/252/8745049.jpg</image>
            <image size="mega"
                >http://userserve-ak.last.fm/serve/500/8745049/The+Low+Anthem+Blackwhiteall.jpg</image>
        </artist>

        <artist rank="15">
            <name>The Walkmen</name>
            <playcount>568</playcount>
            <mbid>b7834ebd-64ae-46c3-a930-2d3a52ee743a</mbid>
            <url>http://www.last.fm/music/The+Walkmen</url>
            <streamable>1</streamable>
            <image size="small">http://userserve-ak.last.fm/serve/34/10457475.jpg</image>
            <image size="medium">http://userserve-ak.last.fm/serve/64/10457475.jpg</image>
            <image size="large">http://userserve-ak.last.fm/serve/126/10457475.jpg</image>
            <image size="extralarge">http://userserve-ak.last.fm/serve/252/10457475.jpg</image>
            <image size="mega"
                >http://userserve-ak.last.fm/serve/_/10457475/The+Walkmen+walkstudy.jpg</image>
        </artist>

        <artist rank="16">
            <name>Discovery</name>
            <playcount>512</playcount>
            <mbid>970dd74a-39f1-4f13-8929-6319f1ae05ec</mbid>
            <url>http://www.last.fm/music/Discovery</url>
            <streamable>1</streamable>
            <image size="small">http://userserve-ak.last.fm/serve/34/36091507.png</image>
            <image size="medium">http://userserve-ak.last.fm/serve/64/36091507.png</image>
            <image size="large">http://userserve-ak.last.fm/serve/126/36091507.png</image>
            <image size="extralarge">http://userserve-ak.last.fm/serve/252/36091507.png</image>
            <image size="mega"
                >http://userserve-ak.last.fm/serve/_/36091507/Discovery+XL+promo+photohires2png.png</image>
        </artist>

        <artist rank="17">
            <name>Bright Eyes</name>
            <playcount>509</playcount>
            <mbid>78f797e3-4913-4026-aad0-1cd858bd735b</mbid>
            <url>http://www.last.fm/music/Bright+Eyes</url>
            <streamable>1</streamable>
            <image size="small">http://userserve-ak.last.fm/serve/34/299138.jpg</image>
            <image size="medium">http://userserve-ak.last.fm/serve/64/299138.jpg</image>
            <image size="large">http://userserve-ak.last.fm/serve/126/299138.jpg</image>
            <image size="extralarge">http://userserve-ak.last.fm/serve/252/299138.jpg</image>
            <image size="mega">http://userserve-ak.last.fm/serve/500/299138/Bright+Eyes.jpg</image>
        </artist>

        <artist rank="18">
            <name>London Symphony Orchestra</name>
            <playcount>502</playcount>
            <mbid>38712b4c-0fd4-4c65-8c7a-45676fecc973</mbid>
            <url>http://www.last.fm/music/London+Symphony+Orchestra</url>
            <streamable>1</streamable>
            <image size="small">http://userserve-ak.last.fm/serve/34/99579.jpg</image>
            <image size="medium">http://userserve-ak.last.fm/serve/64/99579.jpg</image>
            <image size="large">http://userserve-ak.last.fm/serve/126/99579.jpg</image>
            <image size="extralarge">http://userserve-ak.last.fm/serve/252/99579.jpg</image>
            <image size="mega"
                >http://userserve-ak.last.fm/serve/_/99579/London+Symphony+Orchestra.jpg</image>
        </artist>

        <artist rank="19">
            <name>Madonna</name>
            <playcount>486</playcount>
            <mbid>79239441-bfd5-4981-a70c-55c3f15c1287</mbid>
            <url>http://www.last.fm/music/Madonna</url>
            <streamable>1</streamable>
            <image size="small">http://userserve-ak.last.fm/serve/34/20801125.jpg</image>
            <image size="medium">http://userserve-ak.last.fm/serve/64/20801125.jpg</image>
            <image size="large">http://userserve-ak.last.fm/serve/126/20801125.jpg</image>
            <image size="extralarge">http://userserve-ak.last.fm/serve/252/20801125.jpg</image>
            <image size="mega"
                >http://userserve-ak.last.fm/serve/500/20801125/Madonna+last2.jpg</image>
        </artist>

        <artist rank="20">
            <name>The London Philharmonic Orchestra</name>
            <playcount>482</playcount>
            <mbid/>
            <url>http://www.last.fm/music/The+London+Philharmonic+Orchestra</url>
            <streamable>1</streamable>
            <image size="small">http://userserve-ak.last.fm/serve/34/81301.jpg</image>
            <image size="medium">http://userserve-ak.last.fm/serve/64/81301.jpg</image>
            <image size="large">http://userserve-ak.last.fm/serve/126/81301.jpg</image>
            <image size="extralarge">http://userserve-ak.last.fm/serve/252/81301.jpg</image>
            <image size="mega"
                >http://userserve-ak.last.fm/serve/_/81301/The+London+Philharmonic+Orchestra.jpg</image>
        </artist>

        <artist rank="21">
            <name>Hot Chip</name>
            <playcount>467</playcount>
            <mbid>d8915e13-d67a-4aa0-9c0b-1f126af951af</mbid>
            <url>http://www.last.fm/music/Hot+Chip</url>
            <streamable>1</streamable>
            <image size="small">http://userserve-ak.last.fm/serve/34/158495.jpg</image>
            <image size="medium">http://userserve-ak.last.fm/serve/64/158495.jpg</image>
            <image size="large">http://userserve-ak.last.fm/serve/126/158495.jpg</image>
            <image size="extralarge">http://userserve-ak.last.fm/serve/252/158495.jpg</image>
            <image size="mega">http://userserve-ak.last.fm/serve/_/158495/Hot+Chip.jpg</image>
        </artist>

        <artist rank="22">
            <name>The Decemberists</name>
            <playcount>449</playcount>
            <mbid>97b1142f-c71e-4971-8736-4a8ceaf6b4c3</mbid>
            <url>http://www.last.fm/music/The+Decemberists</url>
            <streamable>1</streamable>
            <image size="small">http://userserve-ak.last.fm/serve/34/886900.jpg</image>
            <image size="medium">http://userserve-ak.last.fm/serve/64/886900.jpg</image>
            <image size="large">http://userserve-ak.last.fm/serve/126/886900.jpg</image>
            <image size="extralarge">http://userserve-ak.last.fm/serve/252/886900.jpg</image>
            <image size="mega"
                >http://userserve-ak.last.fm/serve/500/886900/The+Decemberists.jpg</image>
        </artist>

        <artist rank="23">
            <name>James Horner</name>
            <playcount>423</playcount>
            <mbid>679ec43c-bc04-4bb0-b619-2da702a214ba</mbid>
            <url>http://www.last.fm/music/James+Horner</url>
            <streamable>1</streamable>
            <image size="small">http://userserve-ak.last.fm/serve/34/25796985.png</image>
            <image size="medium">http://userserve-ak.last.fm/serve/64/25796985.png</image>
            <image size="large">http://userserve-ak.last.fm/serve/126/25796985.png</image>
            <image size="extralarge">http://userserve-ak.last.fm/serve/252/25796985.png</image>
            <image size="mega"
                >http://userserve-ak.last.fm/serve/500/25796985/James+Horner+horner1995.png</image>
        </artist>

        <artist rank="24">
            <name>The Prodigy</name>
            <playcount>376</playcount>
            <mbid>4a4ee089-93b1-4470-af9a-6ff575d32704</mbid>
            <url>http://www.last.fm/music/The+Prodigy</url>
            <streamable>1</streamable>
            <image size="small">http://userserve-ak.last.fm/serve/34/23877861.jpg</image>
            <image size="medium">http://userserve-ak.last.fm/serve/64/23877861.jpg</image>
            <image size="large">http://userserve-ak.last.fm/serve/126/23877861.jpg</image>
            <image size="extralarge">http://userserve-ak.last.fm/serve/252/23877861.jpg</image>
            <image size="mega"
                >http://userserve-ak.last.fm/serve/_/23877861/The+Prodigy++2009.jpg</image>
        </artist>

        <artist rank="25">
            <name>Owl City</name>
            <playcount>366</playcount>
            <mbid/>
            <url>http://www.last.fm/music/Owl+City</url>
            <streamable>1</streamable>
            <image size="small">http://userserve-ak.last.fm/serve/34/37056785.png</image>
            <image size="medium">http://userserve-ak.last.fm/serve/64/37056785.png</image>
            <image size="large">http://userserve-ak.last.fm/serve/126/37056785.png</image>
            <image size="extralarge">http://userserve-ak.last.fm/serve/252/37056785.png</image>
            <image size="mega"
                >http://userserve-ak.last.fm/serve/500/37056785/Owl+City+AdamYoung.png</image>
        </artist>

        <artist rank="26">
            <name>The National</name>
            <playcount>364</playcount>
            <mbid>664c3e0e-42d8-48c1-b209-1efca19c0325</mbid>
            <url>http://www.last.fm/music/The+National</url>
            <streamable>1</streamable>
            <image size="small">http://userserve-ak.last.fm/serve/34/17982511.jpg</image>
            <image size="medium">http://userserve-ak.last.fm/serve/64/17982511.jpg</image>
            <image size="large">http://userserve-ak.last.fm/serve/126/17982511.jpg</image>
            <image size="extralarge">http://userserve-ak.last.fm/serve/252/17982511.jpg</image>
            <image size="mega"
                >http://userserve-ak.last.fm/serve/_/17982511/The+National+19j_adrucker.jpg</image>
        </artist>

        <artist rank="27">
            <name>Jets to Brazil</name>
            <playcount>337</playcount>
            <mbid>675ec992-a8e4-41f8-b28b-1aad0c8a9ad1</mbid>
            <url>http://www.last.fm/music/Jets+to+Brazil</url>
            <streamable>1</streamable>
            <image size="small">http://userserve-ak.last.fm/serve/34/13081467.jpg</image>
            <image size="medium">http://userserve-ak.last.fm/serve/64/13081467.jpg</image>
            <image size="large">http://userserve-ak.last.fm/serve/126/13081467.jpg</image>
            <image size="extralarge">http://userserve-ak.last.fm/serve/252/13081467.jpg</image>
            <image size="mega"
                >http://userserve-ak.last.fm/serve/_/13081467/Jets+to+Brazil+374999629_0ab545a9f1.jpg</image>
        </artist>

        <artist rank="28">
            <name>Seether</name>
            <playcount>334</playcount>
            <mbid>fbcd7b29-455f-49e6-9c4f-8249d20a055e</mbid>
            <url>http://www.last.fm/music/Seether</url>
            <streamable>1</streamable>
            <image size="small">http://userserve-ak.last.fm/serve/34/38896441.png</image>
            <image size="medium">http://userserve-ak.last.fm/serve/64/38896441.png</image>
            <image size="large">http://userserve-ak.last.fm/serve/126/38896441.png</image>
            <image size="extralarge">http://userserve-ak.last.fm/serve/252/38896441.png</image>
            <image size="mega">http://userserve-ak.last.fm/serve/500/38896441/Seether+05.png</image>
        </artist>

        <artist rank="29">
            <name>Harry Gregson-Williams</name>
            <playcount>329</playcount>
            <mbid>8974da95-e631-45aa-8fd7-aa0c2795f997</mbid>
            <url>http://www.last.fm/music/Harry+Gregson-Williams</url>
            <streamable>1</streamable>
            <image size="small">http://userserve-ak.last.fm/serve/34/16943995.jpg</image>
            <image size="medium">http://userserve-ak.last.fm/serve/64/16943995.jpg</image>
            <image size="large">http://userserve-ak.last.fm/serve/126/16943995.jpg</image>
            <image size="extralarge">http://userserve-ak.last.fm/serve/252/16943995.jpg</image>
            <image size="mega"
                >http://userserve-ak.last.fm/serve/_/16943995/Harry+GregsonWilliams.jpg</image>
        </artist>

        <artist rank="30">
            <name>Paramore</name>
            <playcount>323</playcount>
            <mbid>44cf61b8-5197-448a-b82b-cef6ee89fac5</mbid>
            <url>http://www.last.fm/music/Paramore</url>
            <streamable>1</streamable>
            <image size="small">http://userserve-ak.last.fm/serve/34/39200607.jpg</image>
            <image size="medium">http://userserve-ak.last.fm/serve/64/39200607.jpg</image>
            <image size="large">http://userserve-ak.last.fm/serve/126/39200607.jpg</image>
            <image size="extralarge">http://userserve-ak.last.fm/serve/252/39200607.jpg</image>
            <image size="mega"
                >http://userserve-ak.last.fm/serve/500/39200607/Paramore+cuteeeee.jpg</image>
        </artist>

        <artist rank="31">
            <name>Friendly Fires</name>
            <playcount>310</playcount>
            <mbid>ef656595-bbe8-4386-8953-be8df9f54472</mbid>
            <url>http://www.last.fm/music/Friendly+Fires</url>
            <streamable>1</streamable>
            <image size="small">http://userserve-ak.last.fm/serve/34/23844617.jpg</image>
            <image size="medium">http://userserve-ak.last.fm/serve/64/23844617.jpg</image>
            <image size="large">http://userserve-ak.last.fm/serve/126/23844617.jpg</image>
            <image size="extralarge">http://userserve-ak.last.fm/serve/252/23844617.jpg</image>
            <image size="mega"
                >http://userserve-ak.last.fm/serve/_/23844617/Friendly+Fires.jpg</image>
        </artist>

        <artist rank="32">
            <name>Kevin Rudolf</name>
            <playcount>305</playcount>
            <mbid>2a0cce30-071b-4ba9-bf78-ae76c9eb7316</mbid>
            <url>http://www.last.fm/music/Kevin+Rudolf</url>
            <streamable>1</streamable>
            <image size="small">http://userserve-ak.last.fm/serve/34/18346889.jpg</image>
            <image size="medium">http://userserve-ak.last.fm/serve/64/18346889.jpg</image>
            <image size="large">http://userserve-ak.last.fm/serve/126/18346889.jpg</image>
            <image size="extralarge">http://userserve-ak.last.fm/serve/252/18346889.jpg</image>
            <image size="mega"
                >http://userserve-ak.last.fm/serve/_/18346889/Kevin+Rudolf+KevinRudolf.jpg</image>
        </artist>

        <artist rank="33">
            <name>Wilhelm Fischer</name>
            <playcount>298</playcount>
            <mbid/>
            <url>http://www.last.fm/music/Wilhelm+Fischer</url>
            <streamable>1</streamable>
            <image size="small"/>
            <image size="medium"/>
            <image size="large"/>
            <image size="extralarge"/>
            <image size="mega"/>
        </artist>

        <artist rank="34">
            <name>Fleet Foxes</name>
            <playcount>297</playcount>
            <mbid/>
            <url>http://www.last.fm/music/Fleet+Foxes</url>
            <streamable>1</streamable>
            <image size="small">http://userserve-ak.last.fm/serve/34/4617296.jpg</image>
            <image size="medium">http://userserve-ak.last.fm/serve/64/4617296.jpg</image>
            <image size="large">http://userserve-ak.last.fm/serve/126/4617296.jpg</image>
            <image size="extralarge">http://userserve-ak.last.fm/serve/252/4617296.jpg</image>
            <image size="mega"
                >http://userserve-ak.last.fm/serve/_/4617296/Fleet+Foxes+fleet.jpg</image>
        </artist>

        <artist rank="35">
            <name>Sarah McLachlan</name>
            <playcount>292</playcount>
            <mbid>ce58d854-7430-4231-aa44-97f0144b3372</mbid>
            <url>http://www.last.fm/music/Sarah+McLachlan</url>
            <streamable>1</streamable>
            <image size="small">http://userserve-ak.last.fm/serve/34/117286.jpg</image>
            <image size="medium">http://userserve-ak.last.fm/serve/64/117286.jpg</image>
            <image size="large">http://userserve-ak.last.fm/serve/126/117286.jpg</image>
            <image size="extralarge">http://userserve-ak.last.fm/serve/252/117286.jpg</image>
            <image size="mega"
                >http://userserve-ak.last.fm/serve/500/117286/Sarah+McLachlan.jpg</image>
        </artist>

        <artist rank="36">
            <name>AFI</name>
            <playcount>280</playcount>
            <mbid>1c3919b2-43ca-4a4a-935d-9d50135ec0ef</mbid>
            <url>http://www.last.fm/music/AFI</url>
            <streamable>1</streamable>
            <image size="small">http://userserve-ak.last.fm/serve/34/36392449.jpg</image>
            <image size="medium">http://userserve-ak.last.fm/serve/64/36392449.jpg</image>
            <image size="large">http://userserve-ak.last.fm/serve/126/36392449.jpg</image>
            <image size="extralarge">http://userserve-ak.last.fm/serve/252/36392449.jpg</image>
            <image size="mega"
                >http://userserve-ak.last.fm/serve/500/36392449/AFI+Shot_02_085_v02_forweb.jpg</image>
        </artist>

        <artist rank="36">
            <name>Linkin Park</name>
            <playcount>280</playcount>
            <mbid>f59c5520-5f46-4d2c-b2c4-822eabf53419</mbid>
            <url>http://www.last.fm/music/Linkin+Park</url>
            <streamable>1</streamable>
            <image size="small">http://userserve-ak.last.fm/serve/34/226005.jpg</image>
            <image size="medium">http://userserve-ak.last.fm/serve/64/226005.jpg</image>
            <image size="large">http://userserve-ak.last.fm/serve/126/226005.jpg</image>
            <image size="extralarge">http://userserve-ak.last.fm/serve/252/226005.jpg</image>
            <image size="mega">http://userserve-ak.last.fm/serve/500/226005/Linkin+Park.jpg</image>
        </artist>

        <artist rank="38">
            <name>The Offspring</name>
            <playcount>271</playcount>
            <mbid>23a03e33-a603-404e-bcbf-2c00159d7067</mbid>
            <url>http://www.last.fm/music/The+Offspring</url>
            <streamable>1</streamable>
            <image size="small">http://userserve-ak.last.fm/serve/34/8155449.jpg</image>
            <image size="medium">http://userserve-ak.last.fm/serve/64/8155449.jpg</image>
            <image size="large">http://userserve-ak.last.fm/serve/126/8155449.jpg</image>
            <image size="extralarge">http://userserve-ak.last.fm/serve/252/8155449.jpg</image>
            <image size="mega"
                >http://userserve-ak.last.fm/serve/_/8155449/The+Offspring+pic0025jo.jpg</image>
        </artist>

        <artist rank="39">
            <name>The Benedictine Monks of Santo Domingo De Silos</name>
            <playcount>268</playcount>
            <mbid>60b7285c-ba09-4725-afa5-df0025421e5d</mbid>
            <url>http://www.last.fm/music/The+Benedictine+Monks+of+Santo+Domingo+De+Silos</url>
            <streamable>0</streamable>
            <image size="small">http://userserve-ak.last.fm/serve/34/416238.jpg</image>
            <image size="medium">http://userserve-ak.last.fm/serve/64/416238.jpg</image>
            <image size="large">http://userserve-ak.last.fm/serve/126/416238.jpg</image>
            <image size="extralarge">http://userserve-ak.last.fm/serve/252/416238.jpg</image>
            <image size="mega"
                >http://userserve-ak.last.fm/serve/_/416238/The+Benedictine+Monks+of+Santo+Domingo+De+Silos.jpg</image>
        </artist>

        <artist rank="40">
            <name>The Big Pink</name>
            <playcount>265</playcount>
            <mbid/>
            <url>http://www.last.fm/music/The+Big+Pink</url>
            <streamable>0</streamable>
            <image size="small">http://userserve-ak.last.fm/serve/34/35185735.jpg</image>
            <image size="medium">http://userserve-ak.last.fm/serve/64/35185735.jpg</image>
            <image size="large">http://userserve-ak.last.fm/serve/126/35185735.jpg</image>
            <image size="extralarge">http://userserve-ak.last.fm/serve/252/35185735.jpg</image>
            <image size="mega"
                >http://userserve-ak.last.fm/serve/500/35185735/The+Big+Pink+the_big_pink_intervju.jpg</image>
        </artist>

        <artist rank="41">
            <name>Duran Duran</name>
            <playcount>264</playcount>
            <mbid>1a1cd7f3-e5df-4eca-bae2-2757c9e656b5</mbid>
            <url>http://www.last.fm/music/Duran+Duran</url>
            <streamable>1</streamable>
            <image size="small">http://userserve-ak.last.fm/serve/34/39107313.png</image>
            <image size="medium">http://userserve-ak.last.fm/serve/64/39107313.png</image>
            <image size="large">http://userserve-ak.last.fm/serve/126/39107313.png</image>
            <image size="extralarge">http://userserve-ak.last.fm/serve/252/39107313.png</image>
            <image size="mega"
                >http://userserve-ak.last.fm/serve/500/39107313/Duran+Duran+PNG+Cropped+Version.png</image>
        </artist>

        <artist rank="42">
            <name>Royal Philharmonic Orchestra of London &amp; Sir Thomas Beecham</name>
            <playcount>251</playcount>
            <mbid/>
            <url>http://www.last.fm/music/Royal%2BPhilharmonic%2BOrchestra%2Bof%2BLondon%2B%2526%2BSir%2BThomas%2BBeecham</url>
            <streamable>0</streamable>
            <image size="small"/>
            <image size="medium"/>
            <image size="large"/>
            <image size="extralarge"/>
            <image size="mega"/>
        </artist>

        <artist rank="43">
            <name>Kill Hannah</name>
            <playcount>248</playcount>
            <mbid>de030dcd-36e3-425e-9201-0d5be10769f1</mbid>
            <url>http://www.last.fm/music/Kill+Hannah</url>
            <streamable>1</streamable>
            <image size="small">http://userserve-ak.last.fm/serve/34/8234407.jpg</image>
            <image size="medium">http://userserve-ak.last.fm/serve/64/8234407.jpg</image>
            <image size="large">http://userserve-ak.last.fm/serve/126/8234407.jpg</image>
            <image size="extralarge">http://userserve-ak.last.fm/serve/252/8234407.jpg</image>
            <image size="mega"
                >http://userserve-ak.last.fm/serve/_/8234407/Kill+Hannah+4343.jpg</image>
        </artist>

        <artist rank="44">
            <name>Hans Zimmer</name>
            <playcount>245</playcount>
            <mbid>e6de1f3b-6484-491c-88dd-6d619f142abc</mbid>
            <url>http://www.last.fm/music/Hans+Zimmer</url>
            <streamable>1</streamable>
            <image size="small">http://userserve-ak.last.fm/serve/34/36498003.png</image>
            <image size="medium">http://userserve-ak.last.fm/serve/64/36498003.png</image>
            <image size="large">http://userserve-ak.last.fm/serve/126/36498003.png</image>
            <image size="extralarge">http://userserve-ak.last.fm/serve/252/36498003.png</image>
            <image size="mega"
                >http://userserve-ak.last.fm/serve/500/36498003/Hans+Zimmer+01.png</image>
        </artist>

        <artist rank="44">
            <name>Fluke</name>
            <playcount>245</playcount>
            <mbid>3c3d3ad8-3935-4c00-affb-768563916f36</mbid>
            <url>http://www.last.fm/music/Fluke</url>
            <streamable>1</streamable>
            <image size="small">http://userserve-ak.last.fm/serve/34/13061647.jpg</image>
            <image size="medium">http://userserve-ak.last.fm/serve/64/13061647.jpg</image>
            <image size="large">http://userserve-ak.last.fm/serve/126/13061647.jpg</image>
            <image size="extralarge">http://userserve-ak.last.fm/serve/252/13061647.jpg</image>
            <image size="mega"
                >http://userserve-ak.last.fm/serve/500/13061647/Fluke+A44651146653104.jpg</image>
        </artist>

        <artist rank="46">
            <name>Academy of St. Martin in the Fields &amp; Sir Neville Marriner</name>
            <playcount>244</playcount>
            <mbid/>
            <url>http://www.last.fm/music/Academy%2Bof%2BSt.%2BMartin%2Bin%2Bthe%2BFields%2B%2526%2BSir%2BNeville%2BMarriner</url>
            <streamable>0</streamable>
            <image size="small">http://userserve-ak.last.fm/serve/34/28608391.jpg</image>
            <image size="medium">http://userserve-ak.last.fm/serve/64/28608391.jpg</image>
            <image size="large">http://userserve-ak.last.fm/serve/126/28608391.jpg</image>
            <image size="extralarge">http://userserve-ak.last.fm/serve/252/28608391.jpg</image>
            <image size="mega"
                >http://userserve-ak.last.fm/serve/_/28608391/Academy+of+St+Martin+in+the+Fields++Sir+Neville+Ma+D104StMartinInTheFieldsCh.jpg</image>
        </artist>

        <artist rank="47">
            <name>Cut Copy</name>
            <playcount>243</playcount>
            <mbid>caaba574-dfbc-4681-8e56-19b5150897d2</mbid>
            <url>http://www.last.fm/music/Cut+Copy</url>
            <streamable>1</streamable>
            <image size="small">http://userserve-ak.last.fm/serve/34/2705987.jpg</image>
            <image size="medium">http://userserve-ak.last.fm/serve/64/2705987.jpg</image>
            <image size="large">http://userserve-ak.last.fm/serve/126/2705987.jpg</image>
            <image size="extralarge">http://userserve-ak.last.fm/serve/252/2705987.jpg</image>
            <image size="mega"
                >http://userserve-ak.last.fm/serve/500/2705987/Cut+Copy+CUTCOPY9.jpg</image>
        </artist>

        <artist rank="48">
            <name>The Raveonettes</name>
            <playcount>229</playcount>
            <mbid>79255a50-40df-447f-9612-2cf669080196</mbid>
            <url>http://www.last.fm/music/The+Raveonettes</url>
            <streamable>1</streamable>
            <image size="small">http://userserve-ak.last.fm/serve/34/26195149.jpg</image>
            <image size="medium">http://userserve-ak.last.fm/serve/64/26195149.jpg</image>
            <image size="large">http://userserve-ak.last.fm/serve/126/26195149.jpg</image>
            <image size="extralarge">http://userserve-ak.last.fm/serve/252/26195149.jpg</image>
            <image size="mega"
                >http://userserve-ak.last.fm/serve/_/26195149/The+Raveonettes+theraveonettesfeature30forweb2.jpg</image>
        </artist>

        <artist rank="49">
            <name>A.R. Rahman</name>
            <playcount>221</playcount>
            <mbid>e0bba708-bdd3-478d-84ea-c706413bedab</mbid>
            <url>http://www.last.fm/music/A.R.+Rahman</url>
            <streamable>1</streamable>
            <image size="small">http://userserve-ak.last.fm/serve/34/24806501.jpg</image>
            <image size="medium">http://userserve-ak.last.fm/serve/64/24806501.jpg</image>
            <image size="large">http://userserve-ak.last.fm/serve/126/24806501.jpg</image>
            <image size="extralarge">http://userserve-ak.last.fm/serve/252/24806501.jpg</image>
            <image size="mega"
                >http://userserve-ak.last.fm/serve/_/24806501/AR+Rahman+ar_rahman.jpg</image>
        </artist>

        <artist rank="50">
            <name>A</name>
            <playcount>214</playcount>
            <mbid>55c6eb6e-8388-497c-acaf-dbff584d0c3a</mbid>
            <url>http://www.last.fm/music/A</url>
            <streamable>1</streamable>
            <image size="small">http://userserve-ak.last.fm/serve/34/225904.jpg</image>
            <image size="medium">http://userserve-ak.last.fm/serve/64/225904.jpg</image>
            <image size="large">http://userserve-ak.last.fm/serve/126/225904.jpg</image>
            <image size="extralarge">http://userserve-ak.last.fm/serve/252/225904.jpg</image>
            <image size="mega">http://userserve-ak.last.fm/serve/_/225904/A.jpg</image>
        </artist>
    </topartists>
</lfm>
