<?xml version="1.0" encoding="utf-8"?>
<lfm status="ok">
    <topartists user="emetsger" type="7day">


        <artist rank="1">
            <name>Friendly Fires</name>
            <playcount>26</playcount>
            <mbid>ef656595-bbe8-4386-8953-be8df9f54472</mbid>
            <url>http://www.last.fm/music/Friendly+Fires</url>
            <streamable>1</streamable>
            <image size="small">http://userserve-ak.last.fm/serve/34/23844617.jpg</image>
            <image size="medium">http://userserve-ak.last.fm/serve/64/23844617.jpg</image>
            <image size="large">http://userserve-ak.last.fm/serve/126/23844617.jpg</image>
            <image size="extralarge">http://userserve-ak.last.fm/serve/252/23844617.jpg</image>
            <image size="mega"
                >http://userserve-ak.last.fm/serve/_/23844617/Friendly+Fires.jpg</image>
        </artist>

        <artist rank="2">
            <name>Bon Iver</name>
            <playcount>24</playcount>
            <mbid/>
            <url>http://www.last.fm/music/Bon+Iver</url>
            <streamable>1</streamable>
            <image size="small">http://userserve-ak.last.fm/serve/34/4406986.jpg</image>
            <image size="medium">http://userserve-ak.last.fm/serve/64/4406986.jpg</image>
            <image size="large">http://userserve-ak.last.fm/serve/126/4406986.jpg</image>
            <image size="extralarge">http://userserve-ak.last.fm/serve/252/4406986.jpg</image>
            <image size="mega">http://userserve-ak.last.fm/serve/500/4406986/Bon+Iver.jpg</image>
        </artist>

        <artist rank="2">
            <name>Passion Pit</name>
            <playcount>24</playcount>
            <mbid/>
            <url>http://www.last.fm/music/Passion+Pit</url>
            <streamable>1</streamable>
            <image size="small">http://userserve-ak.last.fm/serve/34/21014505.png</image>
            <image size="medium">http://userserve-ak.last.fm/serve/64/21014505.png</image>
            <image size="large">http://userserve-ak.last.fm/serve/126/21014505.png</image>
            <image size="extralarge">http://userserve-ak.last.fm/serve/252/21014505.png</image>
            <image size="mega"
                >http://userserve-ak.last.fm/serve/_/21014505/Passion+Pit+passion+kiss.png</image>
        </artist>

        <artist rank="4">
            <name>The Temper Trap</name>
            <playcount>22</playcount>
            <mbid/>
            <url>http://www.last.fm/music/The+Temper+Trap</url>
            <streamable>0</streamable>
            <image size="small">http://userserve-ak.last.fm/serve/34/21947795.jpg</image>
            <image size="medium">http://userserve-ak.last.fm/serve/64/21947795.jpg</image>
            <image size="large">http://userserve-ak.last.fm/serve/126/21947795.jpg</image>
            <image size="extralarge">http://userserve-ak.last.fm/serve/252/21947795.jpg</image>
            <image size="mega"
                >http://userserve-ak.last.fm/serve/_/21947795/The+Temper+Trap+temp2.jpg</image>
        </artist>

        <artist rank="4">
            <name>Ra Ra Riot</name>
            <playcount>22</playcount>
            <mbid/>
            <url>http://www.last.fm/music/Ra+Ra+Riot</url>
            <streamable>1</streamable>
            <image size="small">http://userserve-ak.last.fm/serve/34/13640753.jpg</image>
            <image size="medium">http://userserve-ak.last.fm/serve/64/13640753.jpg</image>
            <image size="large">http://userserve-ak.last.fm/serve/126/13640753.jpg</image>
            <image size="extralarge">http://userserve-ak.last.fm/serve/252/13640753.jpg</image>
            <image size="mega"
                >http://userserve-ak.last.fm/serve/500/13640753/Ra+Ra+Riot+rrr.jpg</image>
        </artist>

        <artist rank="6">
            <name>The Knife</name>
            <playcount>17</playcount>
            <mbid>bf710b71-48e5-4e15-9bd6-96debb2e4e98</mbid>
            <url>http://www.last.fm/music/The+Knife</url>
            <streamable>1</streamable>
            <image size="small">http://userserve-ak.last.fm/serve/34/26568233.jpg</image>
            <image size="medium">http://userserve-ak.last.fm/serve/64/26568233.jpg</image>
            <image size="large">http://userserve-ak.last.fm/serve/126/26568233.jpg</image>
            <image size="extralarge">http://userserve-ak.last.fm/serve/252/26568233.jpg</image>
            <image size="mega"
                >http://userserve-ak.last.fm/serve/_/26568233/The+Knife+by+Stian+Andersen.jpg</image>
        </artist>

        <artist rank="7">
            <name>London Symphony Orchestra</name>
            <playcount>16</playcount>
            <mbid>38712b4c-0fd4-4c65-8c7a-45676fecc973</mbid>
            <url>http://www.last.fm/music/London+Symphony+Orchestra</url>
            <streamable>1</streamable>
            <image size="small">http://userserve-ak.last.fm/serve/34/99579.jpg</image>
            <image size="medium">http://userserve-ak.last.fm/serve/64/99579.jpg</image>
            <image size="large">http://userserve-ak.last.fm/serve/126/99579.jpg</image>
            <image size="extralarge">http://userserve-ak.last.fm/serve/252/99579.jpg</image>
            <image size="mega"
                >http://userserve-ak.last.fm/serve/_/99579/London+Symphony+Orchestra.jpg</image>
        </artist>

        <artist rank="8">
            <name>Discovery</name>
            <playcount>14</playcount>
            <mbid>970dd74a-39f1-4f13-8929-6319f1ae05ec</mbid>
            <url>http://www.last.fm/music/Discovery</url>
            <streamable>1</streamable>
            <image size="small">http://userserve-ak.last.fm/serve/34/36091507.png</image>
            <image size="medium">http://userserve-ak.last.fm/serve/64/36091507.png</image>
            <image size="large">http://userserve-ak.last.fm/serve/126/36091507.png</image>
            <image size="extralarge">http://userserve-ak.last.fm/serve/252/36091507.png</image>
            <image size="mega"
                >http://userserve-ak.last.fm/serve/_/36091507/Discovery+XL+promo+photohires2png.png</image>
        </artist>

        <artist rank="9">
            <name>The Prodigy</name>
            <playcount>13</playcount>
            <mbid>4a4ee089-93b1-4470-af9a-6ff575d32704</mbid>
            <url>http://www.last.fm/music/The+Prodigy</url>
            <streamable>1</streamable>
            <image size="small">http://userserve-ak.last.fm/serve/34/23877861.jpg</image>
            <image size="medium">http://userserve-ak.last.fm/serve/64/23877861.jpg</image>
            <image size="large">http://userserve-ak.last.fm/serve/126/23877861.jpg</image>
            <image size="extralarge">http://userserve-ak.last.fm/serve/252/23877861.jpg</image>
            <image size="mega"
                >http://userserve-ak.last.fm/serve/_/23877861/The+Prodigy++2009.jpg</image>
        </artist>

        <artist rank="10">
            <name>Pop Unknown</name>
            <playcount>12</playcount>
            <mbid>c08b441a-2d5b-417f-b8d9-466d4af01457</mbid>
            <url>http://www.last.fm/music/Pop+Unknown</url>
            <streamable>1</streamable>
            <image size="small">http://userserve-ak.last.fm/serve/34/238068.jpg</image>
            <image size="medium">http://userserve-ak.last.fm/serve/64/238068.jpg</image>
            <image size="large">http://userserve-ak.last.fm/serve/126/238068.jpg</image>
            <image size="extralarge">http://userserve-ak.last.fm/serve/252/238068.jpg</image>
            <image size="mega">http://userserve-ak.last.fm/serve/_/238068/Pop+Unknown.jpg</image>
        </artist>

        <artist rank="10">
            <name>Owl City</name>
            <playcount>12</playcount>
            <mbid/>
            <url>http://www.last.fm/music/Owl+City</url>
            <streamable>1</streamable>
            <image size="small">http://userserve-ak.last.fm/serve/34/37056785.png</image>
            <image size="medium">http://userserve-ak.last.fm/serve/64/37056785.png</image>
            <image size="large">http://userserve-ak.last.fm/serve/126/37056785.png</image>
            <image size="extralarge">http://userserve-ak.last.fm/serve/252/37056785.png</image>
            <image size="mega"
                >http://userserve-ak.last.fm/serve/500/37056785/Owl+City+AdamYoung.png</image>
        </artist>

        <artist rank="12">
            <name>The Walkmen</name>
            <playcount>8</playcount>
            <mbid>b7834ebd-64ae-46c3-a930-2d3a52ee743a</mbid>
            <url>http://www.last.fm/music/The+Walkmen</url>
            <streamable>1</streamable>
            <image size="small">http://userserve-ak.last.fm/serve/34/10457475.jpg</image>
            <image size="medium">http://userserve-ak.last.fm/serve/64/10457475.jpg</image>
            <image size="large">http://userserve-ak.last.fm/serve/126/10457475.jpg</image>
            <image size="extralarge">http://userserve-ak.last.fm/serve/252/10457475.jpg</image>
            <image size="mega"
                >http://userserve-ak.last.fm/serve/_/10457475/The+Walkmen+walkstudy.jpg</image>
        </artist>

        <artist rank="13">
            <name>Cut Copy</name>
            <playcount>6</playcount>
            <mbid>caaba574-dfbc-4681-8e56-19b5150897d2</mbid>
            <url>http://www.last.fm/music/Cut+Copy</url>
            <streamable>1</streamable>
            <image size="small">http://userserve-ak.last.fm/serve/34/2705987.jpg</image>
            <image size="medium">http://userserve-ak.last.fm/serve/64/2705987.jpg</image>
            <image size="large">http://userserve-ak.last.fm/serve/126/2705987.jpg</image>
            <image size="extralarge">http://userserve-ak.last.fm/serve/252/2705987.jpg</image>
            <image size="mega"
                >http://userserve-ak.last.fm/serve/500/2705987/Cut+Copy+CUTCOPY9.jpg</image>
        </artist>

        <artist rank="13">
            <name>Hot Chip</name>
            <playcount>6</playcount>
            <mbid>d8915e13-d67a-4aa0-9c0b-1f126af951af</mbid>
            <url>http://www.last.fm/music/Hot+Chip</url>
            <streamable>1</streamable>
            <image size="small">http://userserve-ak.last.fm/serve/34/158495.jpg</image>
            <image size="medium">http://userserve-ak.last.fm/serve/64/158495.jpg</image>
            <image size="large">http://userserve-ak.last.fm/serve/126/158495.jpg</image>
            <image size="extralarge">http://userserve-ak.last.fm/serve/252/158495.jpg</image>
            <image size="mega">http://userserve-ak.last.fm/serve/_/158495/Hot+Chip.jpg</image>
        </artist>

        <artist rank="15">
            <name>Metric</name>
            <playcount>5</playcount>
            <mbid>4449ccf6-c948-4d33-aa97-b6ad98ce4b5b</mbid>
            <url>http://www.last.fm/music/Metric</url>
            <streamable>1</streamable>
            <image size="small">http://userserve-ak.last.fm/serve/34/27291319.jpg</image>
            <image size="medium">http://userserve-ak.last.fm/serve/64/27291319.jpg</image>
            <image size="large">http://userserve-ak.last.fm/serve/126/27291319.jpg</image>
            <image size="extralarge">http://userserve-ak.last.fm/serve/252/27291319.jpg</image>
            <image size="mega"
                >http://userserve-ak.last.fm/serve/500/27291319/Metric+6185048jpg.jpg</image>
        </artist>

        <artist rank="15">
            <name>The Big Pink</name>
            <playcount>5</playcount>
            <mbid/>
            <url>http://www.last.fm/music/The+Big+Pink</url>
            <streamable>0</streamable>
            <image size="small">http://userserve-ak.last.fm/serve/34/35185735.jpg</image>
            <image size="medium">http://userserve-ak.last.fm/serve/64/35185735.jpg</image>
            <image size="large">http://userserve-ak.last.fm/serve/126/35185735.jpg</image>
            <image size="extralarge">http://userserve-ak.last.fm/serve/252/35185735.jpg</image>
            <image size="mega"
                >http://userserve-ak.last.fm/serve/500/35185735/The+Big+Pink+the_big_pink_intervju.jpg</image>
        </artist>

        <artist rank="15">
            <name>Iron &amp; Wine</name>
            <playcount>5</playcount>
            <mbid>c3f28da8-662d-4f09-bdc7-3084bf685930</mbid>
            <url>http://www.last.fm/music/Iron%2B%2526%2BWine</url>
            <streamable>1</streamable>
            <image size="small">http://userserve-ak.last.fm/serve/34/2294394.jpg</image>
            <image size="medium">http://userserve-ak.last.fm/serve/64/2294394.jpg</image>
            <image size="large">http://userserve-ak.last.fm/serve/126/2294394.jpg</image>
            <image size="extralarge">http://userserve-ak.last.fm/serve/252/2294394.jpg</image>
            <image size="mega"
                >http://userserve-ak.last.fm/serve/_/2294394/Iron++Wine+4copy.jpg</image>
        </artist>

        <artist rank="15">
            <name>Fleet Foxes</name>
            <playcount>5</playcount>
            <mbid/>
            <url>http://www.last.fm/music/Fleet+Foxes</url>
            <streamable>1</streamable>
            <image size="small">http://userserve-ak.last.fm/serve/34/4617296.jpg</image>
            <image size="medium">http://userserve-ak.last.fm/serve/64/4617296.jpg</image>
            <image size="large">http://userserve-ak.last.fm/serve/126/4617296.jpg</image>
            <image size="extralarge">http://userserve-ak.last.fm/serve/252/4617296.jpg</image>
            <image size="mega"
                >http://userserve-ak.last.fm/serve/_/4617296/Fleet+Foxes+fleet.jpg</image>
        </artist>

        <artist rank="15">
            <name>Stars</name>
            <playcount>5</playcount>
            <mbid>5aeb21a3-4606-4a0d-8369-50c768d1e99a</mbid>
            <url>http://www.last.fm/music/Stars</url>
            <streamable>1</streamable>
            <image size="small">http://userserve-ak.last.fm/serve/34/122831.jpg</image>
            <image size="medium">http://userserve-ak.last.fm/serve/64/122831.jpg</image>
            <image size="large">http://userserve-ak.last.fm/serve/126/122831.jpg</image>
            <image size="extralarge">http://userserve-ak.last.fm/serve/252/122831.jpg</image>
            <image size="mega">http://userserve-ak.last.fm/serve/_/122831/Stars.jpg</image>
        </artist>

        <artist rank="20">
            <name>The National</name>
            <playcount>4</playcount>
            <mbid>664c3e0e-42d8-48c1-b209-1efca19c0325</mbid>
            <url>http://www.last.fm/music/The+National</url>
            <streamable>1</streamable>
            <image size="small">http://userserve-ak.last.fm/serve/34/17982511.jpg</image>
            <image size="medium">http://userserve-ak.last.fm/serve/64/17982511.jpg</image>
            <image size="large">http://userserve-ak.last.fm/serve/126/17982511.jpg</image>
            <image size="extralarge">http://userserve-ak.last.fm/serve/252/17982511.jpg</image>
            <image size="mega"
                >http://userserve-ak.last.fm/serve/_/17982511/The+National+19j_adrucker.jpg</image>
        </artist>

        <artist rank="20">
            <name>Volcano Choir</name>
            <playcount>4</playcount>
            <mbid/>
            <url>http://www.last.fm/music/Volcano+Choir</url>
            <streamable>1</streamable>
            <image size="small">http://userserve-ak.last.fm/serve/34/33830045.jpg</image>
            <image size="medium">http://userserve-ak.last.fm/serve/64/33830045.jpg</image>
            <image size="large">http://userserve-ak.last.fm/serve/126/33830045.jpg</image>
            <image size="extralarge">http://userserve-ak.last.fm/serve/252/33830045.jpg</image>
            <image size="mega"
                >http://userserve-ak.last.fm/serve/500/33830045/Volcano+Choir.jpg</image>
        </artist>

        <artist rank="20">
            <name>TV on the Radio</name>
            <playcount>4</playcount>
            <mbid>eb872766-98f6-453d-883f-2ae908a18315</mbid>
            <url>http://www.last.fm/music/TV+on+the+Radio</url>
            <streamable>1</streamable>
            <image size="small">http://userserve-ak.last.fm/serve/34/8301503.jpg</image>
            <image size="medium">http://userserve-ak.last.fm/serve/64/8301503.jpg</image>
            <image size="large">http://userserve-ak.last.fm/serve/126/8301503.jpg</image>
            <image size="extralarge">http://userserve-ak.last.fm/serve/252/8301503.jpg</image>
            <image size="mega"
                >http://userserve-ak.last.fm/serve/500/8301503/TV+on+the+Radio+tvotr.jpg</image>
        </artist>

        <artist rank="20">
            <name>Sarah McLachlan</name>
            <playcount>4</playcount>
            <mbid>ce58d854-7430-4231-aa44-97f0144b3372</mbid>
            <url>http://www.last.fm/music/Sarah+McLachlan</url>
            <streamable>1</streamable>
            <image size="small">http://userserve-ak.last.fm/serve/34/117286.jpg</image>
            <image size="medium">http://userserve-ak.last.fm/serve/64/117286.jpg</image>
            <image size="large">http://userserve-ak.last.fm/serve/126/117286.jpg</image>
            <image size="extralarge">http://userserve-ak.last.fm/serve/252/117286.jpg</image>
            <image size="mega"
                >http://userserve-ak.last.fm/serve/500/117286/Sarah+McLachlan.jpg</image>
        </artist>

        <artist rank="24">
            <name>Sara Bareilles</name>
            <playcount>3</playcount>
            <mbid>e54be6b7-5c26-4b47-bb3f-c137429b9b55</mbid>
            <url>http://www.last.fm/music/Sara+Bareilles</url>
            <streamable>1</streamable>
            <image size="small">http://userserve-ak.last.fm/serve/34/8165943.jpg</image>
            <image size="medium">http://userserve-ak.last.fm/serve/64/8165943.jpg</image>
            <image size="large">http://userserve-ak.last.fm/serve/126/8165943.jpg</image>
            <image size="extralarge">http://userserve-ak.last.fm/serve/252/8165943.jpg</image>
            <image size="mega"
                >http://userserve-ak.last.fm/serve/_/8165943/Sara+Bareilles+sara1.jpg</image>
        </artist>

        <artist rank="24">
            <name>Rilo Kiley</name>
            <playcount>3</playcount>
            <mbid>eaf6a7ca-105d-4a94-ba02-8c3e4040319a</mbid>
            <url>http://www.last.fm/music/Rilo+Kiley</url>
            <streamable>1</streamable>
            <image size="small">http://userserve-ak.last.fm/serve/34/2755922.jpg</image>
            <image size="medium">http://userserve-ak.last.fm/serve/64/2755922.jpg</image>
            <image size="large">http://userserve-ak.last.fm/serve/126/2755922.jpg</image>
            <image size="extralarge">http://userserve-ak.last.fm/serve/252/2755922.jpg</image>
            <image size="mega">http://userserve-ak.last.fm/serve/500/2755922.jpg</image>
        </artist>

        <artist rank="24">
            <name>Handsome Furs</name>
            <playcount>3</playcount>
            <mbid>912f8045-c9ec-4020-b89e-44f748b5012b</mbid>
            <url>http://www.last.fm/music/Handsome+Furs</url>
            <streamable>1</streamable>
            <image size="small">http://userserve-ak.last.fm/serve/34/16467049.jpg</image>
            <image size="medium">http://userserve-ak.last.fm/serve/64/16467049.jpg</image>
            <image size="large">http://userserve-ak.last.fm/serve/126/16467049.jpg</image>
            <image size="extralarge">http://userserve-ak.last.fm/serve/252/16467049.jpg</image>
            <image size="mega"
                >http://userserve-ak.last.fm/serve/_/16467049/Handsome+Furs+5049.jpg</image>
        </artist>

        <artist rank="24">
            <name>Massive Attack</name>
            <playcount>3</playcount>
            <mbid>10adbe5e-a2c0-4bf3-8249-2b4cbf6e6ca8</mbid>
            <url>http://www.last.fm/music/Massive+Attack</url>
            <streamable>1</streamable>
            <image size="small">http://userserve-ak.last.fm/serve/34/11273493.jpg</image>
            <image size="medium">http://userserve-ak.last.fm/serve/64/11273493.jpg</image>
            <image size="large">http://userserve-ak.last.fm/serve/126/11273493.jpg</image>
            <image size="extralarge">http://userserve-ak.last.fm/serve/252/11273493.jpg</image>
            <image size="mega"
                >http://userserve-ak.last.fm/serve/500/11273493/Massive+Attack.jpg</image>
        </artist>

        <artist rank="24">
            <name>The Low Anthem</name>
            <playcount>3</playcount>
            <mbid>9597a87d-73aa-47f9-a62c-3fc9a74ad386</mbid>
            <url>http://www.last.fm/music/The+Low+Anthem</url>
            <streamable>1</streamable>
            <image size="small">http://userserve-ak.last.fm/serve/34/8745049.jpg</image>
            <image size="medium">http://userserve-ak.last.fm/serve/64/8745049.jpg</image>
            <image size="large">http://userserve-ak.last.fm/serve/126/8745049.jpg</image>
            <image size="extralarge">http://userserve-ak.last.fm/serve/252/8745049.jpg</image>
            <image size="mega"
                >http://userserve-ak.last.fm/serve/500/8745049/The+Low+Anthem+Blackwhiteall.jpg</image>
        </artist>

        <artist rank="24">
            <name>nevershoutnever!</name>
            <playcount>3</playcount>
            <mbid/>
            <url>http://www.last.fm/music/nevershoutnever%21</url>
            <streamable>0</streamable>
            <image size="small">http://userserve-ak.last.fm/serve/34/28992011.jpg</image>
            <image size="medium">http://userserve-ak.last.fm/serve/64/28992011.jpg</image>
            <image size="large">http://userserve-ak.last.fm/serve/126/28992011.jpg</image>
            <image size="extralarge">http://userserve-ak.last.fm/serve/252/28992011.jpg</image>
            <image size="mega"
                >http://userserve-ak.last.fm/serve/500/28992011/nevershoutnever+nsn2.jpg</image>
        </artist>

        <artist rank="30">
            <name>The Dodos</name>
            <playcount>2</playcount>
            <mbid/>
            <url>http://www.last.fm/music/The+Dodos</url>
            <streamable>1</streamable>
            <image size="small">http://userserve-ak.last.fm/serve/34/22899029.png</image>
            <image size="medium">http://userserve-ak.last.fm/serve/64/22899029.png</image>
            <image size="large">http://userserve-ak.last.fm/serve/126/22899029.png</image>
            <image size="extralarge">http://userserve-ak.last.fm/serve/252/22899029.png</image>
            <image size="mega"
                >http://userserve-ak.last.fm/serve/_/22899029/The+Dodos+Picture+6.png</image>
        </artist>

        <artist rank="30">
            <name>Coldplay</name>
            <playcount>2</playcount>
            <mbid>cc197bad-dc9c-440d-a5b5-d52ba2e14234</mbid>
            <url>http://www.last.fm/music/Coldplay</url>
            <streamable>1</streamable>
            <image size="small">http://userserve-ak.last.fm/serve/34/6964333.jpg</image>
            <image size="medium">http://userserve-ak.last.fm/serve/64/6964333.jpg</image>
            <image size="large">http://userserve-ak.last.fm/serve/126/6964333.jpg</image>
            <image size="extralarge">http://userserve-ak.last.fm/serve/252/6964333.jpg</image>
            <image size="mega">http://userserve-ak.last.fm/serve/_/6964333/Coldplay.jpg</image>
        </artist>

        <artist rank="30">
            <name>Beastie Boys</name>
            <playcount>2</playcount>
            <mbid>9beb62b2-88db-4cea-801e-162cd344ee53</mbid>
            <url>http://www.last.fm/music/Beastie+Boys</url>
            <streamable>1</streamable>
            <image size="small">http://userserve-ak.last.fm/serve/34/124838.jpg</image>
            <image size="medium">http://userserve-ak.last.fm/serve/64/124838.jpg</image>
            <image size="large">http://userserve-ak.last.fm/serve/126/124838.jpg</image>
            <image size="extralarge">http://userserve-ak.last.fm/serve/252/124838.jpg</image>
            <image size="mega">http://userserve-ak.last.fm/serve/_/124838/Beastie+Boys.jpg</image>
        </artist>

        <artist rank="30">
            <name>My Morning Jacket</name>
            <playcount>2</playcount>
            <mbid>ea5883b7-68ce-48b3-b115-61746ea53b8c</mbid>
            <url>http://www.last.fm/music/My+Morning+Jacket</url>
            <streamable>1</streamable>
            <image size="small">http://userserve-ak.last.fm/serve/34/53971.jpg</image>
            <image size="medium">http://userserve-ak.last.fm/serve/64/53971.jpg</image>
            <image size="large">http://userserve-ak.last.fm/serve/126/53971.jpg</image>
            <image size="extralarge">http://userserve-ak.last.fm/serve/252/53971.jpg</image>
            <image size="mega"
                >http://userserve-ak.last.fm/serve/500/53971/My+Morning+Jacket.jpg</image>
        </artist>

        <artist rank="30">
            <name>Tokyo Police Club</name>
            <playcount>2</playcount>
            <mbid>35a6a353-b186-4c13-a264-d18d5e2ce853</mbid>
            <url>http://www.last.fm/music/Tokyo+Police+Club</url>
            <streamable>1</streamable>
            <image size="small">http://userserve-ak.last.fm/serve/34/19604.jpg</image>
            <image size="medium">http://userserve-ak.last.fm/serve/64/19604.jpg</image>
            <image size="large">http://userserve-ak.last.fm/serve/126/19604.jpg</image>
            <image size="extralarge">http://userserve-ak.last.fm/serve/252/19604.jpg</image>
            <image size="mega"
                >http://userserve-ak.last.fm/serve/500/19604/Tokyo+Police+Club.jpg</image>
        </artist>

        <artist rank="30">
            <name>The Bouncing Souls</name>
            <playcount>2</playcount>
            <mbid>429d5f26-329c-41cc-bdff-17c29dbf1fb8</mbid>
            <url>http://www.last.fm/music/The+Bouncing+Souls</url>
            <streamable>1</streamable>
            <image size="small">http://userserve-ak.last.fm/serve/34/2148184.jpg</image>
            <image size="medium">http://userserve-ak.last.fm/serve/64/2148184.jpg</image>
            <image size="large">http://userserve-ak.last.fm/serve/126/2148184.jpg</image>
            <image size="extralarge">http://userserve-ak.last.fm/serve/252/2148184.jpg</image>
            <image size="mega"
                >http://userserve-ak.last.fm/serve/500/2148184/The+Bouncing+Souls.jpg</image>
        </artist>

        <artist rank="30">
            <name>Lit</name>
            <playcount>2</playcount>
            <mbid>5ccb9a53-092d-4806-b337-470a582893d7</mbid>
            <url>http://www.last.fm/music/Lit</url>
            <streamable>1</streamable>
            <image size="small">http://userserve-ak.last.fm/serve/34/219684.jpg</image>
            <image size="medium">http://userserve-ak.last.fm/serve/64/219684.jpg</image>
            <image size="large">http://userserve-ak.last.fm/serve/126/219684.jpg</image>
            <image size="extralarge">http://userserve-ak.last.fm/serve/252/219684.jpg</image>
            <image size="mega">http://userserve-ak.last.fm/serve/500/219684/Lit.jpg</image>
        </artist>

        <artist rank="30">
            <name>Kasabian</name>
            <playcount>2</playcount>
            <mbid>69b39eab-6577-46a4-a9f5-817839092033</mbid>
            <url>http://www.last.fm/music/Kasabian</url>
            <streamable>1</streamable>
            <image size="small">http://userserve-ak.last.fm/serve/34/1269.jpg</image>
            <image size="medium">http://userserve-ak.last.fm/serve/64/1269.jpg</image>
            <image size="large">http://userserve-ak.last.fm/serve/126/1269.jpg</image>
            <image size="extralarge">http://userserve-ak.last.fm/serve/252/1269.jpg</image>
            <image size="mega">http://userserve-ak.last.fm/serve/_/1269/Kasabian.jpg</image>
        </artist>

        <artist rank="30">
            <name>Band of Horses</name>
            <playcount>2</playcount>
            <mbid>07b6020a-c539-4d68-aeef-f159f3befc76</mbid>
            <url>http://www.last.fm/music/Band+of+Horses</url>
            <streamable>1</streamable>
            <image size="small">http://userserve-ak.last.fm/serve/34/299960.jpg</image>
            <image size="medium">http://userserve-ak.last.fm/serve/64/299960.jpg</image>
            <image size="large">http://userserve-ak.last.fm/serve/126/299960.jpg</image>
            <image size="extralarge">http://userserve-ak.last.fm/serve/252/299960.jpg</image>
            <image size="mega">http://userserve-ak.last.fm/serve/_/299960/Band+of+Horses.jpg</image>
        </artist>

        <artist rank="30">
            <name>Kill Hannah</name>
            <playcount>2</playcount>
            <mbid>de030dcd-36e3-425e-9201-0d5be10769f1</mbid>
            <url>http://www.last.fm/music/Kill+Hannah</url>
            <streamable>1</streamable>
            <image size="small">http://userserve-ak.last.fm/serve/34/8234407.jpg</image>
            <image size="medium">http://userserve-ak.last.fm/serve/64/8234407.jpg</image>
            <image size="large">http://userserve-ak.last.fm/serve/126/8234407.jpg</image>
            <image size="extralarge">http://userserve-ak.last.fm/serve/252/8234407.jpg</image>
            <image size="mega"
                >http://userserve-ak.last.fm/serve/_/8234407/Kill+Hannah+4343.jpg</image>
        </artist>

        <artist rank="30">
            <name>Santogold</name>
            <playcount>2</playcount>
            <mbid>d7311646-287b-4d3a-9a4f-7d46f93075e5</mbid>
            <url>http://www.last.fm/music/Santogold</url>
            <streamable>1</streamable>
            <image size="small">http://userserve-ak.last.fm/serve/34/2434614.jpg</image>
            <image size="medium">http://userserve-ak.last.fm/serve/64/2434614.jpg</image>
            <image size="large">http://userserve-ak.last.fm/serve/126/2434614.jpg</image>
            <image size="extralarge">http://userserve-ak.last.fm/serve/252/2434614.jpg</image>
            <image size="mega"
                >http://userserve-ak.last.fm/serve/500/2434614/Santogold+CW3+photo+by+Craig+Wetherby.jpg</image>
        </artist>

        <artist rank="41">
            <name>Snow</name>
            <playcount>1</playcount>
            <mbid>70cb4669-ad7a-4d5c-b99e-7582df393cc7</mbid>
            <url>http://www.last.fm/music/Snow</url>
            <streamable>1</streamable>
            <image size="small">http://userserve-ak.last.fm/serve/34/20476877.jpg</image>
            <image size="medium">http://userserve-ak.last.fm/serve/64/20476877.jpg</image>
            <image size="large">http://userserve-ak.last.fm/serve/126/20476877.jpg</image>
            <image size="extralarge">http://userserve-ak.last.fm/serve/252/20476877.jpg</image>
            <image size="mega">http://userserve-ak.last.fm/serve/_/20476877/Snow+5.jpg</image>
        </artist>

        <artist rank="41">
            <name>Jason Mraz</name>
            <playcount>1</playcount>
            <mbid>82eb8936-7bf6-4577-8320-a2639465206d</mbid>
            <url>http://www.last.fm/music/Jason+Mraz</url>
            <streamable>1</streamable>
            <image size="small">http://userserve-ak.last.fm/serve/34/5470734.jpg</image>
            <image size="medium">http://userserve-ak.last.fm/serve/64/5470734.jpg</image>
            <image size="large">http://userserve-ak.last.fm/serve/126/5470734.jpg</image>
            <image size="extralarge">http://userserve-ak.last.fm/serve/252/5470734.jpg</image>
            <image size="mega"
                >http://userserve-ak.last.fm/serve/_/5470734/Jason+Mraz+jason_mraz6.jpg</image>
        </artist>

        <artist rank="41">
            <name>Mr. Scruff</name>
            <playcount>1</playcount>
            <mbid>234bab50-2f04-4d21-8f91-df93ef554855</mbid>
            <url>http://www.last.fm/music/Mr.+Scruff</url>
            <streamable>1</streamable>
            <image size="small">http://userserve-ak.last.fm/serve/34/8311695.jpg</image>
            <image size="medium">http://userserve-ak.last.fm/serve/64/8311695.jpg</image>
            <image size="large">http://userserve-ak.last.fm/serve/126/8311695.jpg</image>
            <image size="extralarge">http://userserve-ak.last.fm/serve/252/8311695.jpg</image>
            <image size="mega"
                >http://userserve-ak.last.fm/serve/_/8311695/Mr+Scruff+MrScruffReduced.jpg</image>
        </artist>

        <artist rank="41">
            <name>Tori Amos</name>
            <playcount>1</playcount>
            <mbid>c0b2500e-0cef-4130-869d-732b23ed9df5</mbid>
            <url>http://www.last.fm/music/Tori+Amos</url>
            <streamable>1</streamable>
            <image size="small">http://userserve-ak.last.fm/serve/34/26047459.png</image>
            <image size="medium">http://userserve-ak.last.fm/serve/64/26047459.png</image>
            <image size="large">http://userserve-ak.last.fm/serve/126/26047459.png</image>
            <image size="extralarge">http://userserve-ak.last.fm/serve/252/26047459.png</image>
            <image size="mega"
                >http://userserve-ak.last.fm/serve/500/26047459/Tori+Amos+SXSW.png</image>
        </artist>

        <artist rank="41">
            <name>The Felice Brothers</name>
            <playcount>1</playcount>
            <mbid>13804e64-201a-42f0-80b0-510c457c840b</mbid>
            <url>http://www.last.fm/music/The+Felice+Brothers</url>
            <streamable>1</streamable>
            <image size="small">http://userserve-ak.last.fm/serve/34/35201953.jpg</image>
            <image size="medium">http://userserve-ak.last.fm/serve/64/35201953.jpg</image>
            <image size="large">http://userserve-ak.last.fm/serve/126/35201953.jpg</image>
            <image size="extralarge">http://userserve-ak.last.fm/serve/252/35201953.jpg</image>
            <image size="mega"
                >http://userserve-ak.last.fm/serve/_/35201953/The+Felice+Brothers+fb3.jpg</image>
        </artist>

        <artist rank="41">
            <name>Disturbed</name>
            <playcount>1</playcount>
            <mbid>4bb4e4e4-5f66-4509-98af-62dbb90c45c5</mbid>
            <url>http://www.last.fm/music/Disturbed</url>
            <streamable>1</streamable>
            <image size="small">http://userserve-ak.last.fm/serve/34/8400921.jpg</image>
            <image size="medium">http://userserve-ak.last.fm/serve/64/8400921.jpg</image>
            <image size="large">http://userserve-ak.last.fm/serve/126/8400921.jpg</image>
            <image size="extralarge">http://userserve-ak.last.fm/serve/252/8400921.jpg</image>
            <image size="mega"
                >http://userserve-ak.last.fm/serve/500/8400921/Disturbed+Photo1.jpg</image>
        </artist>

        <artist rank="41">
            <name>AFI</name>
            <playcount>1</playcount>
            <mbid>1c3919b2-43ca-4a4a-935d-9d50135ec0ef</mbid>
            <url>http://www.last.fm/music/AFI</url>
            <streamable>1</streamable>
            <image size="small">http://userserve-ak.last.fm/serve/34/36392449.jpg</image>
            <image size="medium">http://userserve-ak.last.fm/serve/64/36392449.jpg</image>
            <image size="large">http://userserve-ak.last.fm/serve/126/36392449.jpg</image>
            <image size="extralarge">http://userserve-ak.last.fm/serve/252/36392449.jpg</image>
            <image size="mega"
                >http://userserve-ak.last.fm/serve/500/36392449/AFI+Shot_02_085_v02_forweb.jpg</image>
        </artist>

        <artist rank="41">
            <name>The Drums</name>
            <playcount>1</playcount>
            <mbid/>
            <url>http://www.last.fm/music/The+Drums</url>
            <streamable>1</streamable>
            <image size="small">http://userserve-ak.last.fm/serve/34/35098231.png</image>
            <image size="medium">http://userserve-ak.last.fm/serve/64/35098231.png</image>
            <image size="large">http://userserve-ak.last.fm/serve/126/35098231.png</image>
            <image size="extralarge">http://userserve-ak.last.fm/serve/252/35098231.png</image>
            <image size="mega"
                >http://userserve-ak.last.fm/serve/_/35098231/The+Drums+drums3.png</image>
        </artist>

        <artist rank="41">
            <name>A</name>
            <playcount>1</playcount>
            <mbid>55c6eb6e-8388-497c-acaf-dbff584d0c3a</mbid>
            <url>http://www.last.fm/music/A</url>
            <streamable>1</streamable>
            <image size="small">http://userserve-ak.last.fm/serve/34/225904.jpg</image>
            <image size="medium">http://userserve-ak.last.fm/serve/64/225904.jpg</image>
            <image size="large">http://userserve-ak.last.fm/serve/126/225904.jpg</image>
            <image size="extralarge">http://userserve-ak.last.fm/serve/252/225904.jpg</image>
            <image size="mega">http://userserve-ak.last.fm/serve/_/225904/A.jpg</image>
        </artist>

        <artist rank="41">
            <name>Silversun Pickups</name>
            <playcount>1</playcount>
            <mbid>b5bd9f88-962e-4730-84a7-795592ba42e8</mbid>
            <url>http://www.last.fm/music/Silversun+Pickups</url>
            <streamable>1</streamable>
            <image size="small">http://userserve-ak.last.fm/serve/34/7730035.jpg</image>
            <image size="medium">http://userserve-ak.last.fm/serve/64/7730035.jpg</image>
            <image size="large">http://userserve-ak.last.fm/serve/126/7730035.jpg</image>
            <image size="extralarge">http://userserve-ak.last.fm/serve/252/7730035.jpg</image>
            <image size="mega"
                >http://userserve-ak.last.fm/serve/500/7730035/Silversun+Pickups+silversunpickupspressphoto1.jpg</image>
        </artist>
    </topartists>
</lfm>
